20-Jan-2026 17:15:48.818 정보 [main] org.apache.catalina.startup.VersionLoggerListener.log 서버 버전 이름:    Apache Tomcat/9.0.104
20-Jan-2026 17:15:48.824 정보 [main] org.apache.catalina.startup.VersionLoggerListener.log Server 빌드 시각:  Apr 4 2025 12:32:55 UTC
20-Jan-2026 17:15:48.824 정보 [main] org.apache.catalina.startup.VersionLoggerListener.log Server 버전 번호:  9.0.104.0
20-Jan-2026 17:15:48.825 정보 [main] org.apache.catalina.startup.VersionLoggerListener.log 운영체제 이름:     Windows 10
20-Jan-2026 17:15:48.825 정보 [main] org.apache.catalina.startup.VersionLoggerListener.log 운영체제 버전:     10.0
20-Jan-2026 17:15:48.825 정보 [main] org.apache.catalina.startup.VersionLoggerListener.log 아키텍처:          amd64
20-Jan-2026 17:15:48.825 정보 [main] org.apache.catalina.startup.VersionLoggerListener.log 자바 홈:           C:\Program Files\Java\jre1.8.0_202
20-Jan-2026 17:15:48.825 정보 [main] org.apache.catalina.startup.VersionLoggerListener.log JVM 버전:          1.8.0_202-b08
20-Jan-2026 17:15:48.825 정보 [main] org.apache.catalina.startup.VersionLoggerListener.log JVM 벤더:          Oracle Corporation
20-Jan-2026 17:15:48.825 정보 [main] org.apache.catalina.startup.VersionLoggerListener.log CATALINA_BASE:     C:\work\ibk\bs5\AITEST\tomcat-9.0.104
20-Jan-2026 17:15:48.827 정보 [main] org.apache.catalina.startup.VersionLoggerListener.log CATALINA_HOME:     C:\work\ibk\bs5\AITEST\tomcat-9.0.104
20-Jan-2026 17:15:48.828 정보 [main] org.apache.catalina.startup.VersionLoggerListener.log 명령 행 아규먼트:  -Djava.util.logging.config.file=c:\work\ibk\bs5\AITEST\tomcat-9.0.104\conf\logging.properties
20-Jan-2026 17:15:48.829 정보 [main] org.apache.catalina.startup.VersionLoggerListener.log 명령 행 아규먼트:  -Djava.util.logging.manager=org.apache.juli.ClassLoaderLogManager
20-Jan-2026 17:15:48.829 정보 [main] org.apache.catalina.startup.VersionLoggerListener.log 명령 행 아규먼트:  -Dfile.encoding=MS949
20-Jan-2026 17:15:48.829 정보 [main] org.apache.catalina.startup.VersionLoggerListener.log 명령 행 아규먼트:  -Dconsole.encoding=MS949
20-Jan-2026 17:15:48.829 정보 [main] org.apache.catalina.startup.VersionLoggerListener.log 명령 행 아규먼트:  -Duser.language=ko
20-Jan-2026 17:15:48.829 정보 [main] org.apache.catalina.startup.VersionLoggerListener.log 명령 행 아규먼트:  -Duser.country=KR
20-Jan-2026 17:15:48.830 정보 [main] org.apache.catalina.startup.VersionLoggerListener.log 명령 행 아규먼트:  -Duser.timezone=Asia/Seoul
20-Jan-2026 17:15:48.830 정보 [main] org.apache.catalina.startup.VersionLoggerListener.log 명령 행 아규먼트:  -Dsun.stdout.encoding=MS949
20-Jan-2026 17:15:48.830 정보 [main] org.apache.catalina.startup.VersionLoggerListener.log 명령 행 아규먼트:  -Dsun.stderr.encoding=MS949
20-Jan-2026 17:15:48.830 정보 [main] org.apache.catalina.startup.VersionLoggerListener.log 명령 행 아규먼트:  -javaagent:c:\work\ibk\bs5\AITEST\tomcat-9.0.104\springloaded-1.2.8.RELEASE.jar
20-Jan-2026 17:15:48.830 정보 [main] org.apache.catalina.startup.VersionLoggerListener.log 명령 행 아규먼트:  -Xverify:none
20-Jan-2026 17:15:48.830 정보 [main] org.apache.catalina.startup.VersionLoggerListener.log 명령 행 아규먼트:  -Dspringloaded.debug=true
20-Jan-2026 17:15:48.830 정보 [main] org.apache.catalina.startup.VersionLoggerListener.log 명령 행 아규먼트:  -Dspringloaded.logLevel=DEBUG
20-Jan-2026 17:15:48.831 정보 [main] org.apache.catalina.startup.VersionLoggerListener.log 명령 행 아규먼트:  -Dproperty-override=c:\work\ibk\bs5\AITEST\tomcat-9.0.104\webapps\mycompany\WEB-INF\classes\hibernate-fix.properties
20-Jan-2026 17:15:48.831 정보 [main] org.apache.catalina.startup.VersionLoggerListener.log 명령 행 아규먼트:  -Djdk.tls.ephemeralDHKeySize=2048
20-Jan-2026 17:15:48.831 정보 [main] org.apache.catalina.startup.VersionLoggerListener.log 명령 행 아규먼트:  -Djava.protocol.handler.pkgs=org.apache.catalina.webresources
20-Jan-2026 17:15:48.831 정보 [main] org.apache.catalina.startup.VersionLoggerListener.log 명령 행 아규먼트:  -Dsun.io.useCanonCaches=false
20-Jan-2026 17:15:48.831 정보 [main] org.apache.catalina.startup.VersionLoggerListener.log 명령 행 아규먼트:  -Dignore.endorsed.dirs=
20-Jan-2026 17:15:48.831 정보 [main] org.apache.catalina.startup.VersionLoggerListener.log 명령 행 아규먼트:  -Dcatalina.base=c:\work\ibk\bs5\AITEST\tomcat-9.0.104
20-Jan-2026 17:15:48.831 정보 [main] org.apache.catalina.startup.VersionLoggerListener.log 명령 행 아규먼트:  -Dcatalina.home=c:\work\ibk\bs5\AITEST\tomcat-9.0.104
20-Jan-2026 17:15:48.833 정보 [main] org.apache.catalina.startup.VersionLoggerListener.log 명령 행 아규먼트:  -Djava.io.tmpdir=c:\work\ibk\bs5\AITEST\tomcat-9.0.104\temp
20-Jan-2026 17:15:49.007 정보 [main] org.apache.catalina.core.AprLifecycleListener.lifecycleEvent APR 버전 [1.7.4]을(를) 사용한, APR 기반 Apache Tomcat Native 라이브러리 [1.3.1]을(를) 로드했습니다.
20-Jan-2026 17:15:49.007 정보 [main] org.apache.catalina.core.AprLifecycleListener.lifecycleEvent APR 용량정보들: IPv6 [true], sendfile [true], accept filters [false], random [true], UDS [true].
20-Jan-2026 17:15:49.007 정보 [main] org.apache.catalina.core.AprLifecycleListener.lifecycleEvent APR/OpenSSL 설정: useAprConnector [false], useOpenSSL [true]
20-Jan-2026 17:15:49.023 정보 [main] org.apache.catalina.core.AprLifecycleListener.initializeSSL OpenSSL이 성공적으로 초기화되었습니다: [OpenSSL 3.0.14 4 Jun 2024]
20-Jan-2026 17:15:49.384 정보 [main] org.apache.coyote.AbstractProtocol.init 프로토콜 핸들러 ["http-nio-8080"]을(를) 초기화합니다.
20-Jan-2026 17:15:49.402 심각 [main] org.apache.catalina.util.LifecycleBase.handleSubClassException 구성요소 [Connector["http-nio-8080"]]을(를) 초기화하지 못했습니다.
	org.apache.catalina.LifecycleException: 프로토콜 핸들러 초기화가 실패했습니다.
		at org.apache.catalina.connector.Connector.initInternal(Connector.java:1048)
		at org.apache.catalina.util.LifecycleBase.init(LifecycleBase.java:122)
		at org.apache.catalina.core.StandardService.initInternal(StandardService.java:522)
		at org.apache.catalina.util.LifecycleBase.init(LifecycleBase.java:122)
		at org.apache.catalina.core.StandardServer.initInternal(StandardServer.java:986)
		at org.apache.catalina.util.LifecycleBase.init(LifecycleBase.java:122)
		at org.apache.catalina.startup.Catalina.load(Catalina.java:690)
		at org.apache.catalina.startup.Catalina.load(Catalina.java:713)
		at sun.reflect.NativeMethodAccessorImpl.invoke0(Native Method)
		at sun.reflect.NativeMethodAccessorImpl.invoke(Unknown Source)
		at sun.reflect.DelegatingMethodAccessorImpl.invoke(Unknown Source)
		at java.lang.reflect.Method.invoke(Unknown Source)
		at org.springsource.loaded.ri.ReflectiveInterceptor.jlrMethodInvoke(ReflectiveInterceptor.java:1427)
		at org.apache.catalina.startup.Bootstrap.load(Bootstrap.java:302)
		at org.apache.catalina.startup.Bootstrap.main(Bootstrap.java:475)
	Caused by: java.net.BindException: Address already in use: bind
		at sun.nio.ch.Net.bind0(Native Method)
		at sun.nio.ch.Net.bind(Unknown Source)
		at sun.nio.ch.Net.bind(Unknown Source)
		at sun.nio.ch.ServerSocketChannelImpl.bind(Unknown Source)
		at org.apache.tomcat.util.net.NioEndpoint.initServerSocket(NioEndpoint.java:268)
		at org.apache.tomcat.util.net.NioEndpoint.bind(NioEndpoint.java:223)
		at org.apache.tomcat.util.net.AbstractEndpoint.bindWithCleanup(AbstractEndpoint.java:1373)
		at org.apache.tomcat.util.net.AbstractEndpoint.init(AbstractEndpoint.java:1386)
		at org.apache.coyote.AbstractProtocol.init(AbstractProtocol.java:663)
		at org.apache.coyote.http11.AbstractHttp11Protocol.init(AbstractHttp11Protocol.java:80)
		at org.apache.catalina.connector.Connector.initInternal(Connector.java:1046)
		... 14 more
20-Jan-2026 17:15:49.404 정보 [main] org.apache.catalina.startup.Catalina.load [854] 밀리초 내에 서버가 초기화되었습니다.
20-Jan-2026 17:15:52.843 정보 [main] org.apache.catalina.core.StandardService.startInternal 서비스 [Catalina]을(를) 시작합니다.
20-Jan-2026 17:15:52.843 정보 [main] org.apache.catalina.core.StandardEngine.startInternal 서버 엔진을 시작합니다: [Apache Tomcat/9.0.104]
20-Jan-2026 17:15:52.872 정보 [main] org.apache.catalina.startup.HostConfig.deployWAR 웹 애플리케이션 아카이브 [C:\work\ibk\bs5\AITEST\tomcat-9.0.104\webapps\admin.war]을(를) 배치합니다.
20-Jan-2026 17:15:52.892 정보 [main] org.apache.catalina.startup.ExpandWar.expand 압축이 풀려진 디렉토리 [C:\work\ibk\bs5\AITEST\tomcat-9.0.104\webapps\admin]의 최종 변경 시간이, 연관된 WAR의 최종 변경 시간과 부합하지 않습니다. 해당 디렉토리는 삭제될 것입니다.
20-Jan-2026 17:16:08.591 경고 [main] org.apache.naming.NamingContext.lookup 참조를 결정하는 중 예기치 않은 예외 발생
	java.sql.SQLException: ${database.driver}
		at org.apache.tomcat.jdbc.pool.PooledConnection.connectUsingDriver(PooledConnection.java:254)
		at org.apache.tomcat.jdbc.pool.PooledConnection.connect(PooledConnection.java:182)
		at org.apache.tomcat.jdbc.pool.ConnectionPool.createConnection(ConnectionPool.java:699)
		at org.apache.tomcat.jdbc.pool.ConnectionPool.borrowConnection(ConnectionPool.java:631)
		at org.apache.tomcat.jdbc.pool.ConnectionPool.init(ConnectionPool.java:485)
		at org.apache.tomcat.jdbc.pool.ConnectionPool.<init>(ConnectionPool.java:143)
		at org.apache.tomcat.jdbc.pool.DataSourceProxy.pCreatePool(DataSourceProxy.java:116)
		at org.apache.tomcat.jdbc.pool.DataSourceProxy.createPool(DataSourceProxy.java:103)
		at org.apache.tomcat.jdbc.pool.DataSourceFactory.createDataSource(DataSourceFactory.java:539)
		at org.apache.tomcat.jdbc.pool.DataSourceFactory.getObjectInstance(DataSourceFactory.java:237)
		at org.apache.naming.factory.FactoryBase.getObjectInstance(FactoryBase.java:91)
		at javax.naming.spi.NamingManager.getObjectInstance(Unknown Source)
		at org.apache.naming.NamingContext.lookup(NamingContext.java:544)
		at org.apache.naming.NamingContext.lookup(NamingContext.java:148)
		at org.apache.naming.NamingContext.lookup(NamingContext.java:530)
		at org.apache.naming.NamingContext.lookup(NamingContext.java:155)
		at org.apache.catalina.core.NamingContextListener.addResource(NamingContextListener.java:1000)
		at org.apache.catalina.core.NamingContextListener.createNamingContext(NamingContextListener.java:535)
		at org.apache.catalina.core.NamingContextListener.lifecycleEvent(NamingContextListener.java:238)
		at org.apache.catalina.util.LifecycleBase.fireLifecycleEvent(LifecycleBase.java:109)
		at org.apache.catalina.core.StandardContext.startInternal(StandardContext.java:4407)
		at org.apache.catalina.util.LifecycleBase.start(LifecycleBase.java:164)
		at org.apache.catalina.core.ContainerBase.addChildInternal(ContainerBase.java:599)
		at org.apache.catalina.core.ContainerBase.addChild(ContainerBase.java:571)
		at org.apache.catalina.core.StandardHost.addChild(StandardHost.java:603)
		at org.apache.catalina.startup.HostConfig.deployWAR(HostConfig.java:1012)
		at org.apache.catalina.startup.HostConfig$DeployWar.run(HostConfig.java:1860)
		at java.util.concurrent.Executors$RunnableAdapter.call(Unknown Source)
		at java.util.concurrent.FutureTask.run(Unknown Source)
		at org.apache.tomcat.util.threads.InlineExecutorService.execute(InlineExecutorService.java:76)
		at java.util.concurrent.AbstractExecutorService.submit(Unknown Source)
		at org.apache.catalina.startup.HostConfig.deployWARs(HostConfig.java:817)
		at org.apache.catalina.startup.HostConfig.deployApps(HostConfig.java:468)
		at org.apache.catalina.startup.HostConfig.start(HostConfig.java:1578)
		at org.apache.catalina.startup.HostConfig.lifecycleEvent(HostConfig.java:312)
		at org.apache.catalina.util.LifecycleBase.fireLifecycleEvent(LifecycleBase.java:109)
		at org.apache.catalina.util.LifecycleBase.setStateInternal(LifecycleBase.java:389)
		at org.apache.catalina.util.LifecycleBase.setState(LifecycleBase.java:336)
		at org.apache.catalina.core.ContainerBase.startInternal(ContainerBase.java:776)
		at org.apache.catalina.core.StandardHost.startInternal(StandardHost.java:721)
		at org.apache.catalina.util.LifecycleBase.start(LifecycleBase.java:164)
		at org.apache.catalina.core.ContainerBase$StartChild.call(ContainerBase.java:1203)
		at org.apache.catalina.core.ContainerBase$StartChild.call(ContainerBase.java:1193)
		at java.util.concurrent.FutureTask.run(Unknown Source)
		at org.apache.tomcat.util.threads.InlineExecutorService.execute(InlineExecutorService.java:76)
		at java.util.concurrent.AbstractExecutorService.submit(Unknown Source)
		at org.apache.catalina.core.ContainerBase.startInternal(ContainerBase.java:749)
		at org.apache.catalina.core.StandardEngine.startInternal(StandardEngine.java:211)
		at org.apache.catalina.util.LifecycleBase.start(LifecycleBase.java:164)
		at org.apache.catalina.core.StandardService.startInternal(StandardService.java:412)
		at org.apache.catalina.util.LifecycleBase.start(LifecycleBase.java:164)
		at org.apache.catalina.core.StandardServer.startInternal(StandardServer.java:874)
		at org.apache.catalina.util.LifecycleBase.start(LifecycleBase.java:164)
		at org.apache.catalina.startup.Catalina.start(Catalina.java:739)
		at sun.reflect.NativeMethodAccessorImpl.invoke0(Native Method)
		at sun.reflect.NativeMethodAccessorImpl.invoke(Unknown Source)
		at sun.reflect.DelegatingMethodAccessorImpl.invoke(Unknown Source)
		at java.lang.reflect.Method.invoke(Unknown Source)
		at org.springsource.loaded.ri.ReflectiveInterceptor.jlrMethodInvoke(ReflectiveInterceptor.java:1427)
		at org.apache.catalina.startup.Bootstrap.start(Bootstrap.java:345)
		at org.apache.catalina.startup.Bootstrap.main(Bootstrap.java:476)
	Caused by: java.lang.ClassNotFoundException: ${database.driver}
		at org.apache.catalina.loader.WebappClassLoaderBase.loadClass(WebappClassLoaderBase.java:1354)
		at org.apache.catalina.loader.WebappClassLoaderBase.loadClass(WebappClassLoaderBase.java:1163)
		at java.lang.Class.forName0(Native Method)
		at java.lang.Class.forName(Unknown Source)
		at org.apache.tomcat.jdbc.pool.PooledConnection.connectUsingDriver(PooledConnection.java:246)
		... 60 more
20-Jan-2026 17:16:08.592 경고 [main] org.apache.catalina.core.NamingContextListener.addResource JMX 내에서 등록 실패했습니다: [javax.naming.NamingException: 참조를 결정하는 중 예기치 않은 예외 발생 [Root exception is java.sql.SQLException: ${database.driver}]]
20-Jan-2026 17:16:08.594 경고 [main] org.apache.naming.NamingContext.lookup 참조를 결정하는 중 예기치 않은 예외 발생
	java.sql.SQLException: ${database.driver}
		at org.apache.tomcat.jdbc.pool.PooledConnection.connectUsingDriver(PooledConnection.java:254)
		at org.apache.tomcat.jdbc.pool.PooledConnection.connect(PooledConnection.java:182)
		at org.apache.tomcat.jdbc.pool.ConnectionPool.createConnection(ConnectionPool.java:699)
		at org.apache.tomcat.jdbc.pool.ConnectionPool.borrowConnection(ConnectionPool.java:631)
		at org.apache.tomcat.jdbc.pool.ConnectionPool.init(ConnectionPool.java:485)
		at org.apache.tomcat.jdbc.pool.ConnectionPool.<init>(ConnectionPool.java:143)
		at org.apache.tomcat.jdbc.pool.DataSourceProxy.pCreatePool(DataSourceProxy.java:116)
		at org.apache.tomcat.jdbc.pool.DataSourceProxy.createPool(DataSourceProxy.java:103)
		at org.apache.tomcat.jdbc.pool.DataSourceFactory.createDataSource(DataSourceFactory.java:539)
		at org.apache.tomcat.jdbc.pool.DataSourceFactory.getObjectInstance(DataSourceFactory.java:237)
		at org.apache.naming.factory.FactoryBase.getObjectInstance(FactoryBase.java:91)
		at javax.naming.spi.NamingManager.getObjectInstance(Unknown Source)
		at org.apache.naming.NamingContext.lookup(NamingContext.java:544)
		at org.apache.naming.NamingContext.lookup(NamingContext.java:148)
		at org.apache.naming.NamingContext.lookup(NamingContext.java:530)
		at org.apache.naming.NamingContext.lookup(NamingContext.java:155)
		at org.apache.catalina.core.NamingContextListener.addResource(NamingContextListener.java:1000)
		at org.apache.catalina.core.NamingContextListener.createNamingContext(NamingContextListener.java:535)
		at org.apache.catalina.core.NamingContextListener.lifecycleEvent(NamingContextListener.java:238)
		at org.apache.catalina.util.LifecycleBase.fireLifecycleEvent(LifecycleBase.java:109)
		at org.apache.catalina.core.StandardContext.startInternal(StandardContext.java:4407)
		at org.apache.catalina.util.LifecycleBase.start(LifecycleBase.java:164)
		at org.apache.catalina.core.ContainerBase.addChildInternal(ContainerBase.java:599)
		at org.apache.catalina.core.ContainerBase.addChild(ContainerBase.java:571)
		at org.apache.catalina.core.StandardHost.addChild(StandardHost.java:603)
		at org.apache.catalina.startup.HostConfig.deployWAR(HostConfig.java:1012)
		at org.apache.catalina.startup.HostConfig$DeployWar.run(HostConfig.java:1860)
		at java.util.concurrent.Executors$RunnableAdapter.call(Unknown Source)
		at java.util.concurrent.FutureTask.run(Unknown Source)
		at org.apache.tomcat.util.threads.InlineExecutorService.execute(InlineExecutorService.java:76)
		at java.util.concurrent.AbstractExecutorService.submit(Unknown Source)
		at org.apache.catalina.startup.HostConfig.deployWARs(HostConfig.java:817)
		at org.apache.catalina.startup.HostConfig.deployApps(HostConfig.java:468)
		at org.apache.catalina.startup.HostConfig.start(HostConfig.java:1578)
		at org.apache.catalina.startup.HostConfig.lifecycleEvent(HostConfig.java:312)
		at org.apache.catalina.util.LifecycleBase.fireLifecycleEvent(LifecycleBase.java:109)
		at org.apache.catalina.util.LifecycleBase.setStateInternal(LifecycleBase.java:389)
		at org.apache.catalina.util.LifecycleBase.setState(LifecycleBase.java:336)
		at org.apache.catalina.core.ContainerBase.startInternal(ContainerBase.java:776)
		at org.apache.catalina.core.StandardHost.startInternal(StandardHost.java:721)
		at org.apache.catalina.util.LifecycleBase.start(LifecycleBase.java:164)
		at org.apache.catalina.core.ContainerBase$StartChild.call(ContainerBase.java:1203)
		at org.apache.catalina.core.ContainerBase$StartChild.call(ContainerBase.java:1193)
		at java.util.concurrent.FutureTask.run(Unknown Source)
		at org.apache.tomcat.util.threads.InlineExecutorService.execute(InlineExecutorService.java:76)
		at java.util.concurrent.AbstractExecutorService.submit(Unknown Source)
		at org.apache.catalina.core.ContainerBase.startInternal(ContainerBase.java:749)
		at org.apache.catalina.core.StandardEngine.startInternal(StandardEngine.java:211)
		at org.apache.catalina.util.LifecycleBase.start(LifecycleBase.java:164)
		at org.apache.catalina.core.StandardService.startInternal(StandardService.java:412)
		at org.apache.catalina.util.LifecycleBase.start(LifecycleBase.java:164)
		at org.apache.catalina.core.StandardServer.startInternal(StandardServer.java:874)
		at org.apache.catalina.util.LifecycleBase.start(LifecycleBase.java:164)
		at org.apache.catalina.startup.Catalina.start(Catalina.java:739)
		at sun.reflect.NativeMethodAccessorImpl.invoke0(Native Method)
		at sun.reflect.NativeMethodAccessorImpl.invoke(Unknown Source)
		at sun.reflect.DelegatingMethodAccessorImpl.invoke(Unknown Source)
		at java.lang.reflect.Method.invoke(Unknown Source)
		at org.springsource.loaded.ri.ReflectiveInterceptor.jlrMethodInvoke(ReflectiveInterceptor.java:1427)
		at org.apache.catalina.startup.Bootstrap.start(Bootstrap.java:345)
		at org.apache.catalina.startup.Bootstrap.main(Bootstrap.java:476)
	Caused by: java.lang.ClassNotFoundException: ${database.driver}
		at org.apache.catalina.loader.WebappClassLoaderBase.loadClass(WebappClassLoaderBase.java:1354)
		at org.apache.catalina.loader.WebappClassLoaderBase.loadClass(WebappClassLoaderBase.java:1163)
		at java.lang.Class.forName0(Native Method)
		at java.lang.Class.forName(Unknown Source)
		at org.apache.tomcat.jdbc.pool.PooledConnection.connectUsingDriver(PooledConnection.java:246)
		... 60 more
20-Jan-2026 17:16:08.594 경고 [main] org.apache.catalina.core.NamingContextListener.addResource JMX 내에서 등록 실패했습니다: [javax.naming.NamingException: 참조를 결정하는 중 예기치 않은 예외 발생 [Root exception is java.sql.SQLException: ${database.driver}]]
20-Jan-2026 17:16:08.595 경고 [main] org.apache.naming.NamingContext.lookup 참조를 결정하는 중 예기치 않은 예외 발생
	java.sql.SQLException: ${database.driver}
		at org.apache.tomcat.jdbc.pool.PooledConnection.connectUsingDriver(PooledConnection.java:254)
		at org.apache.tomcat.jdbc.pool.PooledConnection.connect(PooledConnection.java:182)
		at org.apache.tomcat.jdbc.pool.ConnectionPool.createConnection(ConnectionPool.java:699)
		at org.apache.tomcat.jdbc.pool.ConnectionPool.borrowConnection(ConnectionPool.java:631)
		at org.apache.tomcat.jdbc.pool.ConnectionPool.init(ConnectionPool.java:485)
		at org.apache.tomcat.jdbc.pool.ConnectionPool.<init>(ConnectionPool.java:143)
		at org.apache.tomcat.jdbc.pool.DataSourceProxy.pCreatePool(DataSourceProxy.java:116)
		at org.apache.tomcat.jdbc.pool.DataSourceProxy.createPool(DataSourceProxy.java:103)
		at org.apache.tomcat.jdbc.pool.DataSourceFactory.createDataSource(DataSourceFactory.java:539)
		at org.apache.tomcat.jdbc.pool.DataSourceFactory.getObjectInstance(DataSourceFactory.java:237)
		at org.apache.naming.factory.FactoryBase.getObjectInstance(FactoryBase.java:91)
		at javax.naming.spi.NamingManager.getObjectInstance(Unknown Source)
		at org.apache.naming.NamingContext.lookup(NamingContext.java:544)
		at org.apache.naming.NamingContext.lookup(NamingContext.java:148)
		at org.apache.naming.NamingContext.lookup(NamingContext.java:530)
		at org.apache.naming.NamingContext.lookup(NamingContext.java:155)
		at org.apache.catalina.core.NamingContextListener.addResource(NamingContextListener.java:1000)
		at org.apache.catalina.core.NamingContextListener.createNamingContext(NamingContextListener.java:535)
		at org.apache.catalina.core.NamingContextListener.lifecycleEvent(NamingContextListener.java:238)
		at org.apache.catalina.util.LifecycleBase.fireLifecycleEvent(LifecycleBase.java:109)
		at org.apache.catalina.core.StandardContext.startInternal(StandardContext.java:4407)
		at org.apache.catalina.util.LifecycleBase.start(LifecycleBase.java:164)
		at org.apache.catalina.core.ContainerBase.addChildInternal(ContainerBase.java:599)
		at org.apache.catalina.core.ContainerBase.addChild(ContainerBase.java:571)
		at org.apache.catalina.core.StandardHost.addChild(StandardHost.java:603)
		at org.apache.catalina.startup.HostConfig.deployWAR(HostConfig.java:1012)
		at org.apache.catalina.startup.HostConfig$DeployWar.run(HostConfig.java:1860)
		at java.util.concurrent.Executors$RunnableAdapter.call(Unknown Source)
		at java.util.concurrent.FutureTask.run(Unknown Source)
		at org.apache.tomcat.util.threads.InlineExecutorService.execute(InlineExecutorService.java:76)
		at java.util.concurrent.AbstractExecutorService.submit(Unknown Source)
		at org.apache.catalina.startup.HostConfig.deployWARs(HostConfig.java:817)
		at org.apache.catalina.startup.HostConfig.deployApps(HostConfig.java:468)
		at org.apache.catalina.startup.HostConfig.start(HostConfig.java:1578)
		at org.apache.catalina.startup.HostConfig.lifecycleEvent(HostConfig.java:312)
		at org.apache.catalina.util.LifecycleBase.fireLifecycleEvent(LifecycleBase.java:109)
		at org.apache.catalina.util.LifecycleBase.setStateInternal(LifecycleBase.java:389)
		at org.apache.catalina.util.LifecycleBase.setState(LifecycleBase.java:336)
		at org.apache.catalina.core.ContainerBase.startInternal(ContainerBase.java:776)
		at org.apache.catalina.core.StandardHost.startInternal(StandardHost.java:721)
		at org.apache.catalina.util.LifecycleBase.start(LifecycleBase.java:164)
		at org.apache.catalina.core.ContainerBase$StartChild.call(ContainerBase.java:1203)
		at org.apache.catalina.core.ContainerBase$StartChild.call(ContainerBase.java:1193)
		at java.util.concurrent.FutureTask.run(Unknown Source)
		at org.apache.tomcat.util.threads.InlineExecutorService.execute(InlineExecutorService.java:76)
		at java.util.concurrent.AbstractExecutorService.submit(Unknown Source)
		at org.apache.catalina.core.ContainerBase.startInternal(ContainerBase.java:749)
		at org.apache.catalina.core.StandardEngine.startInternal(StandardEngine.java:211)
		at org.apache.catalina.util.LifecycleBase.start(LifecycleBase.java:164)
		at org.apache.catalina.core.StandardService.startInternal(StandardService.java:412)
		at org.apache.catalina.util.LifecycleBase.start(LifecycleBase.java:164)
		at org.apache.catalina.core.StandardServer.startInternal(StandardServer.java:874)
		at org.apache.catalina.util.LifecycleBase.start(LifecycleBase.java:164)
		at org.apache.catalina.startup.Catalina.start(Catalina.java:739)
		at sun.reflect.NativeMethodAccessorImpl.invoke0(Native Method)
		at sun.reflect.NativeMethodAccessorImpl.invoke(Unknown Source)
		at sun.reflect.DelegatingMethodAccessorImpl.invoke(Unknown Source)
		at java.lang.reflect.Method.invoke(Unknown Source)
		at org.springsource.loaded.ri.ReflectiveInterceptor.jlrMethodInvoke(ReflectiveInterceptor.java:1427)
		at org.apache.catalina.startup.Bootstrap.start(Bootstrap.java:345)
		at org.apache.catalina.startup.Bootstrap.main(Bootstrap.java:476)
	Caused by: java.lang.ClassNotFoundException: ${database.driver}
		at org.apache.catalina.loader.WebappClassLoaderBase.loadClass(WebappClassLoaderBase.java:1354)
		at org.apache.catalina.loader.WebappClassLoaderBase.loadClass(WebappClassLoaderBase.java:1163)
		at java.lang.Class.forName0(Native Method)
		at java.lang.Class.forName(Unknown Source)
		at org.apache.tomcat.jdbc.pool.PooledConnection.connectUsingDriver(PooledConnection.java:246)
		... 60 more
20-Jan-2026 17:16:08.596 경고 [main] org.apache.catalina.core.NamingContextListener.addResource JMX 내에서 등록 실패했습니다: [javax.naming.NamingException: 참조를 결정하는 중 예기치 않은 예외 발생 [Root exception is java.sql.SQLException: ${database.driver}]]
20-Jan-2026 17:16:08.910 정보 [main] org.apache.jasper.servlet.TldScanner.scanJars 적어도 하나의 JAR가 TLD들을 찾기 위해 스캔되었으나 아무 것도 찾지 못했습니다. 스캔했으나 TLD가 없는 JAR들의 전체 목록을 보시려면, 로그 레벨을 디버그 레벨로 설정하십시오. 스캔 과정에서 불필요한 JAR들을 건너뛰면, 시스템 시작 시간과 JSP 컴파일 시간을 단축시킬 수 있습니다.
20-Jan-2026 17:16:15.826 경고 [main] org.apache.naming.NamingContext.lookup 참조를 결정하는 중 예기치 않은 예외 발생
	java.sql.SQLException: ${database.driver}
		at org.apache.tomcat.jdbc.pool.PooledConnection.connectUsingDriver(PooledConnection.java:254)
		at org.apache.tomcat.jdbc.pool.PooledConnection.connect(PooledConnection.java:182)
		at org.apache.tomcat.jdbc.pool.ConnectionPool.createConnection(ConnectionPool.java:699)
		at org.apache.tomcat.jdbc.pool.ConnectionPool.borrowConnection(ConnectionPool.java:631)
		at org.apache.tomcat.jdbc.pool.ConnectionPool.init(ConnectionPool.java:485)
		at org.apache.tomcat.jdbc.pool.ConnectionPool.<init>(ConnectionPool.java:143)
		at org.apache.tomcat.jdbc.pool.DataSourceProxy.pCreatePool(DataSourceProxy.java:116)
		at org.apache.tomcat.jdbc.pool.DataSourceProxy.createPool(DataSourceProxy.java:103)
		at org.apache.tomcat.jdbc.pool.DataSourceFactory.createDataSource(DataSourceFactory.java:539)
		at org.apache.tomcat.jdbc.pool.DataSourceFactory.getObjectInstance(DataSourceFactory.java:237)
		at org.apache.naming.factory.FactoryBase.getObjectInstance(FactoryBase.java:91)
		at javax.naming.spi.NamingManager.getObjectInstance(Unknown Source)
		at org.apache.naming.NamingContext.lookup(NamingContext.java:544)
		at org.apache.naming.NamingContext.lookup(NamingContext.java:148)
		at org.apache.naming.NamingContext.lookup(NamingContext.java:530)
		at org.apache.naming.NamingContext.lookup(NamingContext.java:148)
		at org.apache.naming.NamingContext.lookup(NamingContext.java:530)
		at org.apache.naming.NamingContext.lookup(NamingContext.java:148)
		at org.apache.naming.NamingContext.lookup(NamingContext.java:530)
		at org.apache.naming.NamingContext.lookup(NamingContext.java:155)
		at org.apache.naming.SelectorContext.lookup(SelectorContext.java:144)
		at javax.naming.InitialContext.lookup(Unknown Source)
		at org.springframework.jndi.JndiTemplate$1.doInContext(JndiTemplate.java:154)
		at org.springframework.jndi.JndiTemplate.execute(JndiTemplate.java:87)
		at org.springframework.jndi.JndiTemplate.lookup(JndiTemplate.java:152)
		at org.springframework.jndi.JndiTemplate.lookup(JndiTemplate.java:178)
		at org.springframework.jndi.JndiLocatorSupport.lookup(JndiLocatorSupport.java:95)
		at org.springframework.jndi.JndiObjectLocator.lookup(JndiObjectLocator.java:105)
		at org.springframework.jndi.JndiObjectFactoryBean.lookupWithFallback(JndiObjectFactoryBean.java:231)
		at org.springframework.jndi.JndiObjectFactoryBean.afterPropertiesSet(JndiObjectFactoryBean.java:217)
		at org.springframework.beans.factory.support.AbstractAutowireCapableBeanFactory.invokeInitMethods(AbstractAutowireCapableBeanFactory.java:1571)
		at org.springframework.beans.factory.support.AbstractAutowireCapableBeanFactory.initializeBean(AbstractAutowireCapableBeanFactory.java:1509)
		at org.springframework.beans.factory.support.AbstractAutowireCapableBeanFactory.doCreateBean(AbstractAutowireCapableBeanFactory.java:521)
		at org.springframework.beans.factory.support.AbstractAutowireCapableBeanFactory.createBean(AbstractAutowireCapableBeanFactory.java:458)
		at org.springframework.beans.factory.support.AbstractBeanFactory$1.getObject(AbstractBeanFactory.java:296)
		at org.springframework.beans.factory.support.DefaultSingletonBeanRegistry.getSingleton(DefaultSingletonBeanRegistry.java:223)
		at org.springframework.beans.factory.support.AbstractBeanFactory.doGetBean(AbstractBeanFactory.java:293)
		at org.springframework.beans.factory.support.AbstractBeanFactory.getBean(AbstractBeanFactory.java:194)
		at org.springframework.beans.factory.support.BeanDefinitionValueResolver.resolveReference(BeanDefinitionValueResolver.java:328)
		at org.springframework.beans.factory.support.BeanDefinitionValueResolver.resolveValueIfNecessary(BeanDefinitionValueResolver.java:108)
		at org.springframework.beans.factory.support.BeanDefinitionValueResolver.resolveManagedMap(BeanDefinitionValueResolver.java:384)
		at org.springframework.beans.factory.support.BeanDefinitionValueResolver.resolveValueIfNecessary(BeanDefinitionValueResolver.java:165)
		at org.springframework.beans.factory.support.AbstractAutowireCapableBeanFactory.applyPropertyValues(AbstractAutowireCapableBeanFactory.java:1417)
		at org.springframework.beans.factory.support.AbstractAutowireCapableBeanFactory.populateBean(AbstractAutowireCapableBeanFactory.java:1158)
		at org.springframework.beans.factory.support.AbstractAutowireCapableBeanFactory.doCreateBean(AbstractAutowireCapableBeanFactory.java:519)
		at org.springframework.beans.factory.support.AbstractAutowireCapableBeanFactory.createBean(AbstractAutowireCapableBeanFactory.java:458)
		at org.springframework.beans.factory.support.AbstractBeanFactory$1.getObject(AbstractBeanFactory.java:296)
		at org.springframework.beans.factory.support.DefaultSingletonBeanRegistry.getSingleton(DefaultSingletonBeanRegistry.java:223)
		at org.springframework.beans.factory.support.AbstractBeanFactory.doGetBean(AbstractBeanFactory.java:293)
		at org.springframework.beans.factory.support.AbstractBeanFactory.getBean(AbstractBeanFactory.java:198)
		at org.springframework.context.annotation.CommonAnnotationBeanPostProcessor.autowireResource(CommonAnnotationBeanPostProcessor.java:445)
		at org.springframework.context.annotation.CommonAnnotationBeanPostProcessor.getResource(CommonAnnotationBeanPostProcessor.java:419)
		at org.springframework.context.annotation.CommonAnnotationBeanPostProcessor$ResourceElement.getResourceToInject(CommonAnnotationBeanPostProcessor.java:547)
		at org.springframework.beans.factory.annotation.InjectionMetadata$InjectedElement.inject(InjectionMetadata.java:155)
		at org.springframework.beans.factory.annotation.InjectionMetadata.inject(InjectionMetadata.java:87)
		at org.springframework.context.annotation.CommonAnnotationBeanPostProcessor.postProcessPropertyValues(CommonAnnotationBeanPostProcessor.java:304)
		at org.springframework.beans.factory.support.AbstractAutowireCapableBeanFactory.populateBean(AbstractAutowireCapableBeanFactory.java:1146)
		at org.springframework.beans.factory.support.AbstractAutowireCapableBeanFactory.doCreateBean(AbstractAutowireCapableBeanFactory.java:519)
		at org.springframework.beans.factory.support.AbstractAutowireCapableBeanFactory.createBean(AbstractAutowireCapableBeanFactory.java:458)
		at org.springframework.beans.factory.support.AbstractBeanFactory$1.getObject(AbstractBeanFactory.java:296)
		at org.springframework.beans.factory.support.DefaultSingletonBeanRegistry.getSingleton(DefaultSingletonBeanRegistry.java:223)
		at org.springframework.beans.factory.support.AbstractBeanFactory.doGetBean(AbstractBeanFactory.java:293)
		at org.springframework.beans.factory.support.AbstractBeanFactory.getBean(AbstractBeanFactory.java:194)
		at org.springframework.beans.factory.support.BeanDefinitionValueResolver.resolveReference(BeanDefinitionValueResolver.java:328)
		at org.springframework.beans.factory.support.BeanDefinitionValueResolver.resolveValueIfNecessary(BeanDefinitionValueResolver.java:108)
		at org.springframework.beans.factory.support.AbstractAutowireCapableBeanFactory.applyPropertyValues(AbstractAutowireCapableBeanFactory.java:1417)
		at org.springframework.beans.factory.support.AbstractAutowireCapableBeanFactory.populateBean(AbstractAutowireCapableBeanFactory.java:1158)
		at org.springframework.beans.factory.support.AbstractAutowireCapableBeanFactory.doCreateBean(AbstractAutowireCapableBeanFactory.java:519)
		at org.springframework.beans.factory.support.AbstractAutowireCapableBeanFactory.createBean(AbstractAutowireCapableBeanFactory.java:458)
		at org.springframework.beans.factory.support.AbstractBeanFactory$1.getObject(AbstractBeanFactory.java:296)
		at org.springframework.beans.factory.support.DefaultSingletonBeanRegistry.getSingleton(DefaultSingletonBeanRegistry.java:223)
		at org.springframework.beans.factory.support.AbstractBeanFactory.doGetBean(AbstractBeanFactory.java:293)
		at org.springframework.beans.factory.support.AbstractBeanFactory.getBean(AbstractBeanFactory.java:194)
		at org.springframework.context.support.AbstractApplicationContext.getBean(AbstractApplicationContext.java:1117)
		at org.springframework.context.support.AbstractApplicationContext.finishBeanFactoryInitialization(AbstractApplicationContext.java:922)
		at org.springframework.context.support.AbstractApplicationContext.refresh(AbstractApplicationContext.java:479)
		at org.springframework.web.context.ContextLoader.configureAndRefreshWebApplicationContext(ContextLoader.java:410)
		at org.springframework.web.context.ContextLoader.initWebApplicationContext(ContextLoader.java:306)
		at org.springframework.web.context.ContextLoaderListener.contextInitialized(ContextLoaderListener.java:112)
		at org.broadleafcommerce.common.web.extensibility.MergeContextLoaderListener.contextInitialized(MergeContextLoaderListener.java:50)
		at org.apache.catalina.core.StandardContext.listenerStart(StandardContext.java:4059)
		at org.apache.catalina.core.StandardContext.startInternal(StandardContext.java:4501)
		at org.apache.catalina.util.LifecycleBase.start(LifecycleBase.java:164)
		at org.apache.catalina.core.ContainerBase.addChildInternal(ContainerBase.java:599)
		at org.apache.catalina.core.ContainerBase.addChild(ContainerBase.java:571)
		at org.apache.catalina.core.StandardHost.addChild(StandardHost.java:603)
		at org.apache.catalina.startup.HostConfig.deployWAR(HostConfig.java:1012)
		at org.apache.catalina.startup.HostConfig$DeployWar.run(HostConfig.java:1860)
		at java.util.concurrent.Executors$RunnableAdapter.call(Unknown Source)
		at java.util.concurrent.FutureTask.run(Unknown Source)
		at org.apache.tomcat.util.threads.InlineExecutorService.execute(InlineExecutorService.java:76)
		at java.util.concurrent.AbstractExecutorService.submit(Unknown Source)
		at org.apache.catalina.startup.HostConfig.deployWARs(HostConfig.java:817)
		at org.apache.catalina.startup.HostConfig.deployApps(HostConfig.java:468)
		at org.apache.catalina.startup.HostConfig.start(HostConfig.java:1578)
		at org.apache.catalina.startup.HostConfig.lifecycleEvent(HostConfig.java:312)
		at org.apache.catalina.util.LifecycleBase.fireLifecycleEvent(LifecycleBase.java:109)
		at org.apache.catalina.util.LifecycleBase.setStateInternal(LifecycleBase.java:389)
		at org.apache.catalina.util.LifecycleBase.setState(LifecycleBase.java:336)
		at org.apache.catalina.core.ContainerBase.startInternal(ContainerBase.java:776)
		at org.apache.catalina.core.StandardHost.startInternal(StandardHost.java:721)
		at org.apache.catalina.util.LifecycleBase.start(LifecycleBase.java:164)
		at org.apache.catalina.core.ContainerBase$StartChild.call(ContainerBase.java:1203)
		at org.apache.catalina.core.ContainerBase$StartChild.call(ContainerBase.java:1193)
		at java.util.concurrent.FutureTask.run(Unknown Source)
		at org.apache.tomcat.util.threads.InlineExecutorService.execute(InlineExecutorService.java:76)
		at java.util.concurrent.AbstractExecutorService.submit(Unknown Source)
		at org.apache.catalina.core.ContainerBase.startInternal(ContainerBase.java:749)
		at org.apache.catalina.core.StandardEngine.startInternal(StandardEngine.java:211)
		at org.apache.catalina.util.LifecycleBase.start(LifecycleBase.java:164)
		at org.apache.catalina.core.StandardService.startInternal(StandardService.java:412)
		at org.apache.catalina.util.LifecycleBase.start(LifecycleBase.java:164)
		at org.apache.catalina.core.StandardServer.startInternal(StandardServer.java:874)
		at org.apache.catalina.util.LifecycleBase.start(LifecycleBase.java:164)
		at org.apache.catalina.startup.Catalina.start(Catalina.java:739)
		at sun.reflect.NativeMethodAccessorImpl.invoke0(Native Method)
		at sun.reflect.NativeMethodAccessorImpl.invoke(Unknown Source)
		at sun.reflect.DelegatingMethodAccessorImpl.invoke(Unknown Source)
		at java.lang.reflect.Method.invoke(Unknown Source)
		at org.springsource.loaded.ri.ReflectiveInterceptor.jlrMethodInvoke(ReflectiveInterceptor.java:1427)
		at org.apache.catalina.startup.Bootstrap.start(Bootstrap.java:345)
		at org.apache.catalina.startup.Bootstrap.main(Bootstrap.java:476)
	Caused by: java.lang.ClassNotFoundException: ${database.driver}
		at org.apache.catalina.loader.WebappClassLoaderBase.loadClass(WebappClassLoaderBase.java:1354)
		at org.apache.catalina.loader.WebappClassLoaderBase.loadClass(WebappClassLoaderBase.java:1163)
		at java.lang.Class.forName0(Native Method)
		at java.lang.Class.forName(Unknown Source)
		at org.apache.tomcat.jdbc.pool.PooledConnection.connectUsingDriver(PooledConnection.java:246)
		... 121 more
20-Jan-2026 17:16:15.881 심각 [main] org.apache.catalina.core.StandardContext.startInternal 하나 이상의 리스너들이 시작하지 못했습니다. 상세 내역은 적절한 컨테이너 로그 파일에서 찾을 수 있습니다.
20-Jan-2026 17:16:15.882 심각 [main] org.apache.catalina.core.StandardContext.startInternal 이전 오류들로 인해 컨텍스트 [/admin]의 시작이 실패했습니다.
20-Jan-2026 17:16:15.928 정보 [main] org.apache.catalina.startup.HostConfig.deployWAR 웹 애플리케이션 아카이브 [C:\work\ibk\bs5\AITEST\tomcat-9.0.104\webapps\admin.war]의 배치가 [23,055] 밀리초에 완료되었습니다.
20-Jan-2026 17:16:15.954 정보 [main] org.apache.catalina.startup.HostConfig.deployWAR 웹 애플리케이션 아카이브 [C:\work\ibk\bs5\AITEST\tomcat-9.0.104\webapps\mycompany.war]을(를) 배치합니다.
20-Jan-2026 17:16:15.960 정보 [main] org.apache.catalina.startup.ExpandWar.expand 압축이 풀려진 디렉토리 [C:\work\ibk\bs5\AITEST\tomcat-9.0.104\webapps\mycompany]의 최종 변경 시간이, 연관된 WAR의 최종 변경 시간과 부합하지 않습니다. 해당 디렉토리는 삭제될 것입니다.
20-Jan-2026 17:16:32.636 경고 [main] org.apache.naming.NamingContext.lookup 참조를 결정하는 중 예기치 않은 예외 발생
	java.sql.SQLException: ${database.driver}
		at org.apache.tomcat.jdbc.pool.PooledConnection.connectUsingDriver(PooledConnection.java:254)
		at org.apache.tomcat.jdbc.pool.PooledConnection.connect(PooledConnection.java:182)
		at org.apache.tomcat.jdbc.pool.ConnectionPool.createConnection(ConnectionPool.java:699)
		at org.apache.tomcat.jdbc.pool.ConnectionPool.borrowConnection(ConnectionPool.java:631)
		at org.apache.tomcat.jdbc.pool.ConnectionPool.init(ConnectionPool.java:485)
		at org.apache.tomcat.jdbc.pool.ConnectionPool.<init>(ConnectionPool.java:143)
		at org.apache.tomcat.jdbc.pool.DataSourceProxy.pCreatePool(DataSourceProxy.java:116)
		at org.apache.tomcat.jdbc.pool.DataSourceProxy.createPool(DataSourceProxy.java:103)
		at org.apache.tomcat.jdbc.pool.DataSourceFactory.createDataSource(DataSourceFactory.java:539)
		at org.apache.tomcat.jdbc.pool.DataSourceFactory.getObjectInstance(DataSourceFactory.java:237)
		at org.apache.naming.factory.FactoryBase.getObjectInstance(FactoryBase.java:91)
		at javax.naming.spi.NamingManager.getObjectInstance(Unknown Source)
		at org.apache.naming.NamingContext.lookup(NamingContext.java:544)
		at org.apache.naming.NamingContext.lookup(NamingContext.java:148)
		at org.apache.naming.NamingContext.lookup(NamingContext.java:530)
		at org.apache.naming.NamingContext.lookup(NamingContext.java:155)
		at org.apache.catalina.core.NamingContextListener.addResource(NamingContextListener.java:1000)
		at org.apache.catalina.core.NamingContextListener.createNamingContext(NamingContextListener.java:535)
		at org.apache.catalina.core.NamingContextListener.lifecycleEvent(NamingContextListener.java:238)
		at org.apache.catalina.util.LifecycleBase.fireLifecycleEvent(LifecycleBase.java:109)
		at org.apache.catalina.core.StandardContext.startInternal(StandardContext.java:4407)
		at org.apache.catalina.util.LifecycleBase.start(LifecycleBase.java:164)
		at org.apache.catalina.core.ContainerBase.addChildInternal(ContainerBase.java:599)
		at org.apache.catalina.core.ContainerBase.addChild(ContainerBase.java:571)
		at org.apache.catalina.core.StandardHost.addChild(StandardHost.java:603)
		at org.apache.catalina.startup.HostConfig.deployWAR(HostConfig.java:1012)
		at org.apache.catalina.startup.HostConfig$DeployWar.run(HostConfig.java:1860)
		at java.util.concurrent.Executors$RunnableAdapter.call(Unknown Source)
		at java.util.concurrent.FutureTask.run(Unknown Source)
		at org.apache.tomcat.util.threads.InlineExecutorService.execute(InlineExecutorService.java:76)
		at java.util.concurrent.AbstractExecutorService.submit(Unknown Source)
		at org.apache.catalina.startup.HostConfig.deployWARs(HostConfig.java:817)
		at org.apache.catalina.startup.HostConfig.deployApps(HostConfig.java:468)
		at org.apache.catalina.startup.HostConfig.start(HostConfig.java:1578)
		at org.apache.catalina.startup.HostConfig.lifecycleEvent(HostConfig.java:312)
		at org.apache.catalina.util.LifecycleBase.fireLifecycleEvent(LifecycleBase.java:109)
		at org.apache.catalina.util.LifecycleBase.setStateInternal(LifecycleBase.java:389)
		at org.apache.catalina.util.LifecycleBase.setState(LifecycleBase.java:336)
		at org.apache.catalina.core.ContainerBase.startInternal(ContainerBase.java:776)
		at org.apache.catalina.core.StandardHost.startInternal(StandardHost.java:721)
		at org.apache.catalina.util.LifecycleBase.start(LifecycleBase.java:164)
		at org.apache.catalina.core.ContainerBase$StartChild.call(ContainerBase.java:1203)
		at org.apache.catalina.core.ContainerBase$StartChild.call(ContainerBase.java:1193)
		at java.util.concurrent.FutureTask.run(Unknown Source)
		at org.apache.tomcat.util.threads.InlineExecutorService.execute(InlineExecutorService.java:76)
		at java.util.concurrent.AbstractExecutorService.submit(Unknown Source)
		at org.apache.catalina.core.ContainerBase.startInternal(ContainerBase.java:749)
		at org.apache.catalina.core.StandardEngine.startInternal(StandardEngine.java:211)
		at org.apache.catalina.util.LifecycleBase.start(LifecycleBase.java:164)
		at org.apache.catalina.core.StandardService.startInternal(StandardService.java:412)
		at org.apache.catalina.util.LifecycleBase.start(LifecycleBase.java:164)
		at org.apache.catalina.core.StandardServer.startInternal(StandardServer.java:874)
		at org.apache.catalina.util.LifecycleBase.start(LifecycleBase.java:164)
		at org.apache.catalina.startup.Catalina.start(Catalina.java:739)
		at sun.reflect.NativeMethodAccessorImpl.invoke0(Native Method)
		at sun.reflect.NativeMethodAccessorImpl.invoke(Unknown Source)
		at sun.reflect.DelegatingMethodAccessorImpl.invoke(Unknown Source)
		at java.lang.reflect.Method.invoke(Unknown Source)
		at org.springsource.loaded.ri.ReflectiveInterceptor.jlrMethodInvoke(ReflectiveInterceptor.java:1427)
		at org.apache.catalina.startup.Bootstrap.start(Bootstrap.java:345)
		at org.apache.catalina.startup.Bootstrap.main(Bootstrap.java:476)
	Caused by: java.lang.ClassNotFoundException: ${database.driver}
		at org.apache.catalina.loader.WebappClassLoaderBase.loadClass(WebappClassLoaderBase.java:1354)
		at org.apache.catalina.loader.WebappClassLoaderBase.loadClass(WebappClassLoaderBase.java:1163)
		at java.lang.Class.forName0(Native Method)
		at java.lang.Class.forName(Unknown Source)
		at org.apache.tomcat.jdbc.pool.PooledConnection.connectUsingDriver(PooledConnection.java:246)
		... 60 more
20-Jan-2026 17:16:32.636 경고 [main] org.apache.catalina.core.NamingContextListener.addResource JMX 내에서 등록 실패했습니다: [javax.naming.NamingException: 참조를 결정하는 중 예기치 않은 예외 발생 [Root exception is java.sql.SQLException: ${database.driver}]]
20-Jan-2026 17:16:32.638 경고 [main] org.apache.naming.NamingContext.lookup 참조를 결정하는 중 예기치 않은 예외 발생
	java.sql.SQLException: ${database.driver}
		at org.apache.tomcat.jdbc.pool.PooledConnection.connectUsingDriver(PooledConnection.java:254)
		at org.apache.tomcat.jdbc.pool.PooledConnection.connect(PooledConnection.java:182)
		at org.apache.tomcat.jdbc.pool.ConnectionPool.createConnection(ConnectionPool.java:699)
		at org.apache.tomcat.jdbc.pool.ConnectionPool.borrowConnection(ConnectionPool.java:631)
		at org.apache.tomcat.jdbc.pool.ConnectionPool.init(ConnectionPool.java:485)
		at org.apache.tomcat.jdbc.pool.ConnectionPool.<init>(ConnectionPool.java:143)
		at org.apache.tomcat.jdbc.pool.DataSourceProxy.pCreatePool(DataSourceProxy.java:116)
		at org.apache.tomcat.jdbc.pool.DataSourceProxy.createPool(DataSourceProxy.java:103)
		at org.apache.tomcat.jdbc.pool.DataSourceFactory.createDataSource(DataSourceFactory.java:539)
		at org.apache.tomcat.jdbc.pool.DataSourceFactory.getObjectInstance(DataSourceFactory.java:237)
		at org.apache.naming.factory.FactoryBase.getObjectInstance(FactoryBase.java:91)
		at javax.naming.spi.NamingManager.getObjectInstance(Unknown Source)
		at org.apache.naming.NamingContext.lookup(NamingContext.java:544)
		at org.apache.naming.NamingContext.lookup(NamingContext.java:148)
		at org.apache.naming.NamingContext.lookup(NamingContext.java:530)
		at org.apache.naming.NamingContext.lookup(NamingContext.java:155)
		at org.apache.catalina.core.NamingContextListener.addResource(NamingContextListener.java:1000)
		at org.apache.catalina.core.NamingContextListener.createNamingContext(NamingContextListener.java:535)
		at org.apache.catalina.core.NamingContextListener.lifecycleEvent(NamingContextListener.java:238)
		at org.apache.catalina.util.LifecycleBase.fireLifecycleEvent(LifecycleBase.java:109)
		at org.apache.catalina.core.StandardContext.startInternal(StandardContext.java:4407)
		at org.apache.catalina.util.LifecycleBase.start(LifecycleBase.java:164)
		at org.apache.catalina.core.ContainerBase.addChildInternal(ContainerBase.java:599)
		at org.apache.catalina.core.ContainerBase.addChild(ContainerBase.java:571)
		at org.apache.catalina.core.StandardHost.addChild(StandardHost.java:603)
		at org.apache.catalina.startup.HostConfig.deployWAR(HostConfig.java:1012)
		at org.apache.catalina.startup.HostConfig$DeployWar.run(HostConfig.java:1860)
		at java.util.concurrent.Executors$RunnableAdapter.call(Unknown Source)
		at java.util.concurrent.FutureTask.run(Unknown Source)
		at org.apache.tomcat.util.threads.InlineExecutorService.execute(InlineExecutorService.java:76)
		at java.util.concurrent.AbstractExecutorService.submit(Unknown Source)
		at org.apache.catalina.startup.HostConfig.deployWARs(HostConfig.java:817)
		at org.apache.catalina.startup.HostConfig.deployApps(HostConfig.java:468)
		at org.apache.catalina.startup.HostConfig.start(HostConfig.java:1578)
		at org.apache.catalina.startup.HostConfig.lifecycleEvent(HostConfig.java:312)
		at org.apache.catalina.util.LifecycleBase.fireLifecycleEvent(LifecycleBase.java:109)
		at org.apache.catalina.util.LifecycleBase.setStateInternal(LifecycleBase.java:389)
		at org.apache.catalina.util.LifecycleBase.setState(LifecycleBase.java:336)
		at org.apache.catalina.core.ContainerBase.startInternal(ContainerBase.java:776)
		at org.apache.catalina.core.StandardHost.startInternal(StandardHost.java:721)
		at org.apache.catalina.util.LifecycleBase.start(LifecycleBase.java:164)
		at org.apache.catalina.core.ContainerBase$StartChild.call(ContainerBase.java:1203)
		at org.apache.catalina.core.ContainerBase$StartChild.call(ContainerBase.java:1193)
		at java.util.concurrent.FutureTask.run(Unknown Source)
		at org.apache.tomcat.util.threads.InlineExecutorService.execute(InlineExecutorService.java:76)
		at java.util.concurrent.AbstractExecutorService.submit(Unknown Source)
		at org.apache.catalina.core.ContainerBase.startInternal(ContainerBase.java:749)
		at org.apache.catalina.core.StandardEngine.startInternal(StandardEngine.java:211)
		at org.apache.catalina.util.LifecycleBase.start(LifecycleBase.java:164)
		at org.apache.catalina.core.StandardService.startInternal(StandardService.java:412)
		at org.apache.catalina.util.LifecycleBase.start(LifecycleBase.java:164)
		at org.apache.catalina.core.StandardServer.startInternal(StandardServer.java:874)
		at org.apache.catalina.util.LifecycleBase.start(LifecycleBase.java:164)
		at org.apache.catalina.startup.Catalina.start(Catalina.java:739)
		at sun.reflect.NativeMethodAccessorImpl.invoke0(Native Method)
		at sun.reflect.NativeMethodAccessorImpl.invoke(Unknown Source)
		at sun.reflect.DelegatingMethodAccessorImpl.invoke(Unknown Source)
		at java.lang.reflect.Method.invoke(Unknown Source)
		at org.springsource.loaded.ri.ReflectiveInterceptor.jlrMethodInvoke(ReflectiveInterceptor.java:1427)
		at org.apache.catalina.startup.Bootstrap.start(Bootstrap.java:345)
		at org.apache.catalina.startup.Bootstrap.main(Bootstrap.java:476)
	Caused by: java.lang.ClassNotFoundException: ${database.driver}
		at org.apache.catalina.loader.WebappClassLoaderBase.loadClass(WebappClassLoaderBase.java:1354)
		at org.apache.catalina.loader.WebappClassLoaderBase.loadClass(WebappClassLoaderBase.java:1163)
		at java.lang.Class.forName0(Native Method)
		at java.lang.Class.forName(Unknown Source)
		at org.apache.tomcat.jdbc.pool.PooledConnection.connectUsingDriver(PooledConnection.java:246)
		... 60 more
20-Jan-2026 17:16:32.638 경고 [main] org.apache.catalina.core.NamingContextListener.addResource JMX 내에서 등록 실패했습니다: [javax.naming.NamingException: 참조를 결정하는 중 예기치 않은 예외 발생 [Root exception is java.sql.SQLException: ${database.driver}]]
20-Jan-2026 17:16:32.640 경고 [main] org.apache.naming.NamingContext.lookup 참조를 결정하는 중 예기치 않은 예외 발생
	java.sql.SQLException: ${database.driver}
		at org.apache.tomcat.jdbc.pool.PooledConnection.connectUsingDriver(PooledConnection.java:254)
		at org.apache.tomcat.jdbc.pool.PooledConnection.connect(PooledConnection.java:182)
		at org.apache.tomcat.jdbc.pool.ConnectionPool.createConnection(ConnectionPool.java:699)
		at org.apache.tomcat.jdbc.pool.ConnectionPool.borrowConnection(ConnectionPool.java:631)
		at org.apache.tomcat.jdbc.pool.ConnectionPool.init(ConnectionPool.java:485)
		at org.apache.tomcat.jdbc.pool.ConnectionPool.<init>(ConnectionPool.java:143)
		at org.apache.tomcat.jdbc.pool.DataSourceProxy.pCreatePool(DataSourceProxy.java:116)
		at org.apache.tomcat.jdbc.pool.DataSourceProxy.createPool(DataSourceProxy.java:103)
		at org.apache.tomcat.jdbc.pool.DataSourceFactory.createDataSource(DataSourceFactory.java:539)
		at org.apache.tomcat.jdbc.pool.DataSourceFactory.getObjectInstance(DataSourceFactory.java:237)
		at org.apache.naming.factory.FactoryBase.getObjectInstance(FactoryBase.java:91)
		at javax.naming.spi.NamingManager.getObjectInstance(Unknown Source)
		at org.apache.naming.NamingContext.lookup(NamingContext.java:544)
		at org.apache.naming.NamingContext.lookup(NamingContext.java:148)
		at org.apache.naming.NamingContext.lookup(NamingContext.java:530)
		at org.apache.naming.NamingContext.lookup(NamingContext.java:155)
		at org.apache.catalina.core.NamingContextListener.addResource(NamingContextListener.java:1000)
		at org.apache.catalina.core.NamingContextListener.createNamingContext(NamingContextListener.java:535)
		at org.apache.catalina.core.NamingContextListener.lifecycleEvent(NamingContextListener.java:238)
		at org.apache.catalina.util.LifecycleBase.fireLifecycleEvent(LifecycleBase.java:109)
		at org.apache.catalina.core.StandardContext.startInternal(StandardContext.java:4407)
		at org.apache.catalina.util.LifecycleBase.start(LifecycleBase.java:164)
		at org.apache.catalina.core.ContainerBase.addChildInternal(ContainerBase.java:599)
		at org.apache.catalina.core.ContainerBase.addChild(ContainerBase.java:571)
		at org.apache.catalina.core.StandardHost.addChild(StandardHost.java:603)
		at org.apache.catalina.startup.HostConfig.deployWAR(HostConfig.java:1012)
		at org.apache.catalina.startup.HostConfig$DeployWar.run(HostConfig.java:1860)
		at java.util.concurrent.Executors$RunnableAdapter.call(Unknown Source)
		at java.util.concurrent.FutureTask.run(Unknown Source)
		at org.apache.tomcat.util.threads.InlineExecutorService.execute(InlineExecutorService.java:76)
		at java.util.concurrent.AbstractExecutorService.submit(Unknown Source)
		at org.apache.catalina.startup.HostConfig.deployWARs(HostConfig.java:817)
		at org.apache.catalina.startup.HostConfig.deployApps(HostConfig.java:468)
		at org.apache.catalina.startup.HostConfig.start(HostConfig.java:1578)
		at org.apache.catalina.startup.HostConfig.lifecycleEvent(HostConfig.java:312)
		at org.apache.catalina.util.LifecycleBase.fireLifecycleEvent(LifecycleBase.java:109)
		at org.apache.catalina.util.LifecycleBase.setStateInternal(LifecycleBase.java:389)
		at org.apache.catalina.util.LifecycleBase.setState(LifecycleBase.java:336)
		at org.apache.catalina.core.ContainerBase.startInternal(ContainerBase.java:776)
		at org.apache.catalina.core.StandardHost.startInternal(StandardHost.java:721)
		at org.apache.catalina.util.LifecycleBase.start(LifecycleBase.java:164)
		at org.apache.catalina.core.ContainerBase$StartChild.call(ContainerBase.java:1203)
		at org.apache.catalina.core.ContainerBase$StartChild.call(ContainerBase.java:1193)
		at java.util.concurrent.FutureTask.run(Unknown Source)
		at org.apache.tomcat.util.threads.InlineExecutorService.execute(InlineExecutorService.java:76)
		at java.util.concurrent.AbstractExecutorService.submit(Unknown Source)
		at org.apache.catalina.core.ContainerBase.startInternal(ContainerBase.java:749)
		at org.apache.catalina.core.StandardEngine.startInternal(StandardEngine.java:211)
		at org.apache.catalina.util.LifecycleBase.start(LifecycleBase.java:164)
		at org.apache.catalina.core.StandardService.startInternal(StandardService.java:412)
		at org.apache.catalina.util.LifecycleBase.start(LifecycleBase.java:164)
		at org.apache.catalina.core.StandardServer.startInternal(StandardServer.java:874)
		at org.apache.catalina.util.LifecycleBase.start(LifecycleBase.java:164)
		at org.apache.catalina.startup.Catalina.start(Catalina.java:739)
		at sun.reflect.NativeMethodAccessorImpl.invoke0(Native Method)
		at sun.reflect.NativeMethodAccessorImpl.invoke(Unknown Source)
		at sun.reflect.DelegatingMethodAccessorImpl.invoke(Unknown Source)
		at java.lang.reflect.Method.invoke(Unknown Source)
		at org.springsource.loaded.ri.ReflectiveInterceptor.jlrMethodInvoke(ReflectiveInterceptor.java:1427)
		at org.apache.catalina.startup.Bootstrap.start(Bootstrap.java:345)
		at org.apache.catalina.startup.Bootstrap.main(Bootstrap.java:476)
	Caused by: java.lang.ClassNotFoundException: ${database.driver}
		at org.apache.catalina.loader.WebappClassLoaderBase.loadClass(WebappClassLoaderBase.java:1354)
		at org.apache.catalina.loader.WebappClassLoaderBase.loadClass(WebappClassLoaderBase.java:1163)
		at java.lang.Class.forName0(Native Method)
		at java.lang.Class.forName(Unknown Source)
		at org.apache.tomcat.jdbc.pool.PooledConnection.connectUsingDriver(PooledConnection.java:246)
		... 60 more
20-Jan-2026 17:16:32.641 경고 [main] org.apache.catalina.core.NamingContextListener.addResource JMX 내에서 등록 실패했습니다: [javax.naming.NamingException: 참조를 결정하는 중 예기치 않은 예외 발생 [Root exception is java.sql.SQLException: ${database.driver}]]
20-Jan-2026 17:16:32.992 정보 [main] org.apache.jasper.servlet.TldScanner.scanJars 적어도 하나의 JAR가 TLD들을 찾기 위해 스캔되었으나 아무 것도 찾지 못했습니다. 스캔했으나 TLD가 없는 JAR들의 전체 목록을 보시려면, 로그 레벨을 디버그 레벨로 설정하십시오. 스캔 과정에서 불필요한 JAR들을 건너뛰면, 시스템 시작 시간과 JSP 컴파일 시간을 단축시킬 수 있습니다.
20-Jan-2026 17:16:36.993 심각 [main] org.apache.catalina.core.StandardContext.startInternal 하나 이상의 리스너들이 시작하지 못했습니다. 상세 내역은 적절한 컨테이너 로그 파일에서 찾을 수 있습니다.
20-Jan-2026 17:16:36.993 심각 [main] org.apache.catalina.core.StandardContext.startInternal 이전 오류들로 인해 컨텍스트 [/mycompany]의 시작이 실패했습니다.
20-Jan-2026 17:16:37.018 경고 [main] org.apache.catalina.loader.WebappClassLoaderBase.clearReferencesThreads 웹 애플리케이션 [mycompany]이(가) [FileSystemWatcher: files=#5 cl=ParallelWebappClassLoader
  context: mycompany
  delegate: false
----------> Parent Classloader:
java.net.URLClassLoader@6e5e91e4
](이)라는 이름의 쓰레드를 시작시킨 것으로 보이지만, 해당 쓰레드를 중지시키지 못했습니다. 이는 메모리 누수를 유발할 가능성이 큽니다. 해당 쓰레드의 스택 트레이스:
 java.lang.Thread.sleep(Native Method)
 org.springsource.loaded.agent.Watcher.run(FileSystemWatcher.java:212)
 java.lang.Thread.run(Unknown Source)
20-Jan-2026 17:16:37.023 정보 [main] org.apache.catalina.startup.HostConfig.deployWAR 웹 애플리케이션 아카이브 [C:\work\ibk\bs5\AITEST\tomcat-9.0.104\webapps\mycompany.war]의 배치가 [21,069] 밀리초에 완료되었습니다.
20-Jan-2026 17:16:37.024 정보 [main] org.apache.catalina.startup.HostConfig.deployDirectory 웹 애플리케이션 디렉토리 [C:\work\ibk\bs5\AITEST\tomcat-9.0.104\webapps\docs]을(를) 배치합니다.
20-Jan-2026 17:16:37.180 정보 [main] org.apache.jasper.servlet.TldScanner.scanJars 적어도 하나의 JAR가 TLD들을 찾기 위해 스캔되었으나 아무 것도 찾지 못했습니다. 스캔했으나 TLD가 없는 JAR들의 전체 목록을 보시려면, 로그 레벨을 디버그 레벨로 설정하십시오. 스캔 과정에서 불필요한 JAR들을 건너뛰면, 시스템 시작 시간과 JSP 컴파일 시간을 단축시킬 수 있습니다.
20-Jan-2026 17:16:37.196 정보 [main] org.apache.catalina.startup.HostConfig.deployDirectory 웹 애플리케이션 디렉토리 [C:\work\ibk\bs5\AITEST\tomcat-9.0.104\webapps\docs]에 대한 배치가 [171] 밀리초에 완료되었습니다.
20-Jan-2026 17:16:37.196 정보 [main] org.apache.catalina.startup.HostConfig.deployDirectory 웹 애플리케이션 디렉토리 [C:\work\ibk\bs5\AITEST\tomcat-9.0.104\webapps\examples]을(를) 배치합니다.
20-Jan-2026 17:16:38.063 정보 [main] org.apache.jasper.servlet.TldScanner.scanJars 적어도 하나의 JAR가 TLD들을 찾기 위해 스캔되었으나 아무 것도 찾지 못했습니다. 스캔했으나 TLD가 없는 JAR들의 전체 목록을 보시려면, 로그 레벨을 디버그 레벨로 설정하십시오. 스캔 과정에서 불필요한 JAR들을 건너뛰면, 시스템 시작 시간과 JSP 컴파일 시간을 단축시킬 수 있습니다.
20-Jan-2026 17:16:38.132 정보 [main] org.apache.catalina.startup.HostConfig.deployDirectory 웹 애플리케이션 디렉토리 [C:\work\ibk\bs5\AITEST\tomcat-9.0.104\webapps\examples]에 대한 배치가 [936] 밀리초에 완료되었습니다.
20-Jan-2026 17:16:38.132 정보 [main] org.apache.catalina.startup.HostConfig.deployDirectory 웹 애플리케이션 디렉토리 [C:\work\ibk\bs5\AITEST\tomcat-9.0.104\webapps\host-manager]을(를) 배치합니다.
20-Jan-2026 17:16:38.264 정보 [main] org.apache.jasper.servlet.TldScanner.scanJars 적어도 하나의 JAR가 TLD들을 찾기 위해 스캔되었으나 아무 것도 찾지 못했습니다. 스캔했으나 TLD가 없는 JAR들의 전체 목록을 보시려면, 로그 레벨을 디버그 레벨로 설정하십시오. 스캔 과정에서 불필요한 JAR들을 건너뛰면, 시스템 시작 시간과 JSP 컴파일 시간을 단축시킬 수 있습니다.
20-Jan-2026 17:16:38.270 정보 [main] org.apache.catalina.startup.HostConfig.deployDirectory 웹 애플리케이션 디렉토리 [C:\work\ibk\bs5\AITEST\tomcat-9.0.104\webapps\host-manager]에 대한 배치가 [138] 밀리초에 완료되었습니다.
20-Jan-2026 17:16:38.270 정보 [main] org.apache.catalina.startup.HostConfig.deployDirectory 웹 애플리케이션 디렉토리 [C:\work\ibk\bs5\AITEST\tomcat-9.0.104\webapps\manager]을(를) 배치합니다.
20-Jan-2026 17:16:38.412 정보 [main] org.apache.jasper.servlet.TldScanner.scanJars 적어도 하나의 JAR가 TLD들을 찾기 위해 스캔되었으나 아무 것도 찾지 못했습니다. 스캔했으나 TLD가 없는 JAR들의 전체 목록을 보시려면, 로그 레벨을 디버그 레벨로 설정하십시오. 스캔 과정에서 불필요한 JAR들을 건너뛰면, 시스템 시작 시간과 JSP 컴파일 시간을 단축시킬 수 있습니다.
20-Jan-2026 17:16:38.415 정보 [main] org.apache.catalina.startup.HostConfig.deployDirectory 웹 애플리케이션 디렉토리 [C:\work\ibk\bs5\AITEST\tomcat-9.0.104\webapps\manager]에 대한 배치가 [145] 밀리초에 완료되었습니다.
20-Jan-2026 17:16:38.416 정보 [main] org.apache.catalina.startup.HostConfig.deployDirectory 웹 애플리케이션 디렉토리 [C:\work\ibk\bs5\AITEST\tomcat-9.0.104\webapps\ROOT]을(를) 배치합니다.
20-Jan-2026 17:16:38.545 정보 [main] org.apache.jasper.servlet.TldScanner.scanJars 적어도 하나의 JAR가 TLD들을 찾기 위해 스캔되었으나 아무 것도 찾지 못했습니다. 스캔했으나 TLD가 없는 JAR들의 전체 목록을 보시려면, 로그 레벨을 디버그 레벨로 설정하십시오. 스캔 과정에서 불필요한 JAR들을 건너뛰면, 시스템 시작 시간과 JSP 컴파일 시간을 단축시킬 수 있습니다.
20-Jan-2026 17:16:38.548 정보 [main] org.apache.catalina.startup.HostConfig.deployDirectory 웹 애플리케이션 디렉토리 [C:\work\ibk\bs5\AITEST\tomcat-9.0.104\webapps\ROOT]에 대한 배치가 [131] 밀리초에 완료되었습니다.
20-Jan-2026 17:16:38.553 정보 [main] org.apache.catalina.startup.Catalina.start 서버가 [49148] 밀리초 내에 시작되었습니다.
20-Jan-2026 17:16:38.554 심각 [main] org.apache.catalina.core.StandardServer.await 주소 [localhost]와(과) 포트 [8006]에, 서버 셧다운 소켓을 생성하지 못했습니다. (base 포트 [8006], offset [0])
	java.net.BindException: Address already in use: JVM_Bind
		at java.net.DualStackPlainSocketImpl.bind0(Native Method)
		at java.net.DualStackPlainSocketImpl.socketBind(Unknown Source)
		at java.net.AbstractPlainSocketImpl.bind(Unknown Source)
		at java.net.PlainSocketImpl.bind(Unknown Source)
		at java.net.ServerSocket.bind(Unknown Source)
		at java.net.ServerSocket.<init>(Unknown Source)
		at org.apache.catalina.core.StandardServer.await(StandardServer.java:537)
		at org.apache.catalina.startup.Catalina.await(Catalina.java:829)
		at org.apache.catalina.startup.Catalina.start(Catalina.java:777)
		at sun.reflect.NativeMethodAccessorImpl.invoke0(Native Method)
		at sun.reflect.NativeMethodAccessorImpl.invoke(Unknown Source)
		at sun.reflect.DelegatingMethodAccessorImpl.invoke(Unknown Source)
		at java.lang.reflect.Method.invoke(Unknown Source)
		at org.springsource.loaded.ri.ReflectiveInterceptor.jlrMethodInvoke(ReflectiveInterceptor.java:1427)
		at org.apache.catalina.startup.Bootstrap.start(Bootstrap.java:345)
		at org.apache.catalina.startup.Bootstrap.main(Bootstrap.java:476)
20-Jan-2026 17:16:38.554 정보 [main] org.apache.coyote.AbstractProtocol.pause 프로토콜 핸들러 ["http-nio-8080"]을(를) 일시 정지 중
20-Jan-2026 17:16:38.554 정보 [main] org.apache.catalina.core.StandardService.stopInternal 서비스 [Catalina]을(를) 중지시킵니다.
20-Jan-2026 17:16:38.563 경고 [main] org.apache.catalina.loader.WebappClassLoaderBase.clearReferencesThreads 웹 애플리케이션 [examples]이(가) [FileSystemWatcher: files=#17 cl=ParallelWebappClassLoader
  context: examples
  delegate: false
----------> Parent Classloader:
java.net.URLClassLoader@6e5e91e4
](이)라는 이름의 쓰레드를 시작시킨 것으로 보이지만, 해당 쓰레드를 중지시키지 못했습니다. 이는 메모리 누수를 유발할 가능성이 큽니다. 해당 쓰레드의 스택 트레이스:
 java.lang.Thread.sleep(Native Method)
 org.springsource.loaded.agent.Watcher.run(FileSystemWatcher.java:212)
 java.lang.Thread.run(Unknown Source)
20-Jan-2026 17:16:38.579 정보 [main] org.apache.coyote.AbstractProtocol.stop 프로토콜 핸들러 ["http-nio-8080"]을(를) 중지시킵니다.
20-Jan-2026 17:16:38.581 정보 [main] org.apache.coyote.AbstractProtocol.destroy 프로토콜 핸들러 ["http-nio-8080"]을(를) 소멸시킵니다.
