20-Jan-2026 17:16:08.973 정보 [main] org.apache.catalina.core.ApplicationContext.log No Spring WebApplicationInitializer types detected on classpath
20-Jan-2026 17:16:09.004 정보 [main] org.apache.catalina.core.ApplicationContext.log Set web app root system property: 'blAdmin.root' = [C:\work\ibk\bs5\AITEST\tomcat-9.0.104\webapps\admin\]
20-Jan-2026 17:16:09.176 정보 [main] org.apache.catalina.core.ApplicationContext.log Initializing log4j from [C:\work\ibk\bs5\AITEST\tomcat-9.0.104\webapps\admin\WEB-INF\log4j.xml]
20-Jan-2026 17:16:09.276 정보 [main] org.apache.catalina.core.ApplicationContext.log Initializing Spring root WebApplicationContext
20-Jan-2026 17:16:15.881 심각 [main] org.apache.catalina.core.StandardContext.listenerStart Context initialized 이벤트를 [org.broadleafcommerce.common.web.extensibility.MergeContextLoaderListener] 클래스의 인스턴스인 리스너에 전송하는 동안 예외 발생
	org.springframework.beans.factory.BeanCreationException: Error creating bean with name 'entityManagerFactory' defined in resource loaded from byte array: Cannot resolve reference to bean 'blPersistenceUnitManager' while setting bean property 'persistenceUnitManager'; nested exception is org.springframework.beans.factory.BeanCreationException: Error creating bean with name 'blPersistenceUnitManager': Injection of resource dependencies failed; nested exception is org.springframework.beans.factory.BeanCreationException: Error creating bean with name 'blMergedDataSources' defined in resource loaded from byte array: Cannot resolve reference to bean 'webDS' while setting bean property 'sourceMap' with key [TypedStringValue: value [jdbc/web], target type [null]]; nested exception is org.springframework.beans.factory.BeanCreationException: Error creating bean with name 'webDS': Invocation of init method failed; nested exception is javax.naming.NameNotFoundException: Name [jdbc/web]은(는) 이 컨텍스트에 바인딩되지 않았습니다. [jdbc]을(를) 찾을 수 없습니다.
		at org.springframework.beans.factory.support.BeanDefinitionValueResolver.resolveReference(BeanDefinitionValueResolver.java:334)
		at org.springframework.beans.factory.support.BeanDefinitionValueResolver.resolveValueIfNecessary(BeanDefinitionValueResolver.java:108)
		at org.springframework.beans.factory.support.AbstractAutowireCapableBeanFactory.applyPropertyValues(AbstractAutowireCapableBeanFactory.java:1417)
		at org.springframework.beans.factory.support.AbstractAutowireCapableBeanFactory.populateBean(AbstractAutowireCapableBeanFactory.java:1158)
		at org.springframework.beans.factory.support.AbstractAutowireCapableBeanFactory.doCreateBean(AbstractAutowireCapableBeanFactory.java:519)
		at org.springframework.beans.factory.support.AbstractAutowireCapableBeanFactory.createBean(AbstractAutowireCapableBeanFactory.java:458)
		at org.springframework.beans.factory.support.AbstractBeanFactory$1.getObject(AbstractBeanFactory.java:296)
		at org.springframework.beans.factory.support.DefaultSingletonBeanRegistry.getSingleton(DefaultSingletonBeanRegistry.java:223)
		at org.springframework.beans.factory.support.AbstractBeanFactory.doGetBean(AbstractBeanFactory.java:293)
		at org.springframework.beans.factory.support.AbstractBeanFactory.getBean(AbstractBeanFactory.java:194)
		at org.springframework.context.support.AbstractApplicationContext.getBean(AbstractApplicationContext.java:1117)
		at org.springframework.context.support.AbstractApplicationContext.finishBeanFactoryInitialization(AbstractApplicationContext.java:922)
		at org.springframework.context.support.AbstractApplicationContext.refresh(AbstractApplicationContext.java:479)
		at org.springframework.web.context.ContextLoader.configureAndRefreshWebApplicationContext(ContextLoader.java:410)
		at org.springframework.web.context.ContextLoader.initWebApplicationContext(ContextLoader.java:306)
		at org.springframework.web.context.ContextLoaderListener.contextInitialized(ContextLoaderListener.java:112)
		at org.broadleafcommerce.common.web.extensibility.MergeContextLoaderListener.contextInitialized(MergeContextLoaderListener.java:50)
		at org.apache.catalina.core.StandardContext.listenerStart(StandardContext.java:4059)
		at org.apache.catalina.core.StandardContext.startInternal(StandardContext.java:4501)
		at org.apache.catalina.util.LifecycleBase.start(LifecycleBase.java:164)
		at org.apache.catalina.core.ContainerBase.addChildInternal(ContainerBase.java:599)
		at org.apache.catalina.core.ContainerBase.addChild(ContainerBase.java:571)
		at org.apache.catalina.core.StandardHost.addChild(StandardHost.java:603)
		at org.apache.catalina.startup.HostConfig.deployWAR(HostConfig.java:1012)
		at org.apache.catalina.startup.HostConfig$DeployWar.run(HostConfig.java:1860)
		at java.util.concurrent.Executors$RunnableAdapter.call(Unknown Source)
		at java.util.concurrent.FutureTask.run(Unknown Source)
		at org.apache.tomcat.util.threads.InlineExecutorService.execute(InlineExecutorService.java:76)
		at java.util.concurrent.AbstractExecutorService.submit(Unknown Source)
		at org.apache.catalina.startup.HostConfig.deployWARs(HostConfig.java:817)
		at org.apache.catalina.startup.HostConfig.deployApps(HostConfig.java:468)
		at org.apache.catalina.startup.HostConfig.start(HostConfig.java:1578)
		at org.apache.catalina.startup.HostConfig.lifecycleEvent(HostConfig.java:312)
		at org.apache.catalina.util.LifecycleBase.fireLifecycleEvent(LifecycleBase.java:109)
		at org.apache.catalina.util.LifecycleBase.setStateInternal(LifecycleBase.java:389)
		at org.apache.catalina.util.LifecycleBase.setState(LifecycleBase.java:336)
		at org.apache.catalina.core.ContainerBase.startInternal(ContainerBase.java:776)
		at org.apache.catalina.core.StandardHost.startInternal(StandardHost.java:721)
		at org.apache.catalina.util.LifecycleBase.start(LifecycleBase.java:164)
		at org.apache.catalina.core.ContainerBase$StartChild.call(ContainerBase.java:1203)
		at org.apache.catalina.core.ContainerBase$StartChild.call(ContainerBase.java:1193)
		at java.util.concurrent.FutureTask.run(Unknown Source)
		at org.apache.tomcat.util.threads.InlineExecutorService.execute(InlineExecutorService.java:76)
		at java.util.concurrent.AbstractExecutorService.submit(Unknown Source)
		at org.apache.catalina.core.ContainerBase.startInternal(ContainerBase.java:749)
		at org.apache.catalina.core.StandardEngine.startInternal(StandardEngine.java:211)
		at org.apache.catalina.util.LifecycleBase.start(LifecycleBase.java:164)
		at org.apache.catalina.core.StandardService.startInternal(StandardService.java:412)
		at org.apache.catalina.util.LifecycleBase.start(LifecycleBase.java:164)
		at org.apache.catalina.core.StandardServer.startInternal(StandardServer.java:874)
		at org.apache.catalina.util.LifecycleBase.start(LifecycleBase.java:164)
		at org.apache.catalina.startup.Catalina.start(Catalina.java:739)
		at sun.reflect.NativeMethodAccessorImpl.invoke0(Native Method)
		at sun.reflect.NativeMethodAccessorImpl.invoke(Unknown Source)
		at sun.reflect.DelegatingMethodAccessorImpl.invoke(Unknown Source)
		at java.lang.reflect.Method.invoke(Unknown Source)
		at org.springsource.loaded.ri.ReflectiveInterceptor.jlrMethodInvoke(ReflectiveInterceptor.java:1427)
		at org.apache.catalina.startup.Bootstrap.start(Bootstrap.java:345)
		at org.apache.catalina.startup.Bootstrap.main(Bootstrap.java:476)
	Caused by: org.springframework.beans.factory.BeanCreationException: Error creating bean with name 'blPersistenceUnitManager': Injection of resource dependencies failed; nested exception is org.springframework.beans.factory.BeanCreationException: Error creating bean with name 'blMergedDataSources' defined in resource loaded from byte array: Cannot resolve reference to bean 'webDS' while setting bean property 'sourceMap' with key [TypedStringValue: value [jdbc/web], target type [null]]; nested exception is org.springframework.beans.factory.BeanCreationException: Error creating bean with name 'webDS': Invocation of init method failed; nested exception is javax.naming.NameNotFoundException: Name [jdbc/web]은(는) 이 컨텍스트에 바인딩되지 않았습니다. [jdbc]을(를) 찾을 수 없습니다.
		at org.springframework.context.annotation.CommonAnnotationBeanPostProcessor.postProcessPropertyValues(CommonAnnotationBeanPostProcessor.java:307)
		at org.springframework.beans.factory.support.AbstractAutowireCapableBeanFactory.populateBean(AbstractAutowireCapableBeanFactory.java:1146)
		at org.springframework.beans.factory.support.AbstractAutowireCapableBeanFactory.doCreateBean(AbstractAutowireCapableBeanFactory.java:519)
		at org.springframework.beans.factory.support.AbstractAutowireCapableBeanFactory.createBean(AbstractAutowireCapableBeanFactory.java:458)
		at org.springframework.beans.factory.support.AbstractBeanFactory$1.getObject(AbstractBeanFactory.java:296)
		at org.springframework.beans.factory.support.DefaultSingletonBeanRegistry.getSingleton(DefaultSingletonBeanRegistry.java:223)
		at org.springframework.beans.factory.support.AbstractBeanFactory.doGetBean(AbstractBeanFactory.java:293)
		at org.springframework.beans.factory.support.AbstractBeanFactory.getBean(AbstractBeanFactory.java:194)
		at org.springframework.beans.factory.support.BeanDefinitionValueResolver.resolveReference(BeanDefinitionValueResolver.java:328)
		... 58 more
	Caused by: org.springframework.beans.factory.BeanCreationException: Error creating bean with name 'blMergedDataSources' defined in resource loaded from byte array: Cannot resolve reference to bean 'webDS' while setting bean property 'sourceMap' with key [TypedStringValue: value [jdbc/web], target type [null]]; nested exception is org.springframework.beans.factory.BeanCreationException: Error creating bean with name 'webDS': Invocation of init method failed; nested exception is javax.naming.NameNotFoundException: Name [jdbc/web]은(는) 이 컨텍스트에 바인딩되지 않았습니다. [jdbc]을(를) 찾을 수 없습니다.
		at org.springframework.beans.factory.support.BeanDefinitionValueResolver.resolveReference(BeanDefinitionValueResolver.java:334)
		at org.springframework.beans.factory.support.BeanDefinitionValueResolver.resolveValueIfNecessary(BeanDefinitionValueResolver.java:108)
		at org.springframework.beans.factory.support.BeanDefinitionValueResolver.resolveManagedMap(BeanDefinitionValueResolver.java:384)
		at org.springframework.beans.factory.support.BeanDefinitionValueResolver.resolveValueIfNecessary(BeanDefinitionValueResolver.java:165)
		at org.springframework.beans.factory.support.AbstractAutowireCapableBeanFactory.applyPropertyValues(AbstractAutowireCapableBeanFactory.java:1417)
		at org.springframework.beans.factory.support.AbstractAutowireCapableBeanFactory.populateBean(AbstractAutowireCapableBeanFactory.java:1158)
		at org.springframework.beans.factory.support.AbstractAutowireCapableBeanFactory.doCreateBean(AbstractAutowireCapableBeanFactory.java:519)
		at org.springframework.beans.factory.support.AbstractAutowireCapableBeanFactory.createBean(AbstractAutowireCapableBeanFactory.java:458)
		at org.springframework.beans.factory.support.AbstractBeanFactory$1.getObject(AbstractBeanFactory.java:296)
		at org.springframework.beans.factory.support.DefaultSingletonBeanRegistry.getSingleton(DefaultSingletonBeanRegistry.java:223)
		at org.springframework.beans.factory.support.AbstractBeanFactory.doGetBean(AbstractBeanFactory.java:293)
		at org.springframework.beans.factory.support.AbstractBeanFactory.getBean(AbstractBeanFactory.java:198)
		at org.springframework.context.annotation.CommonAnnotationBeanPostProcessor.autowireResource(CommonAnnotationBeanPostProcessor.java:445)
		at org.springframework.context.annotation.CommonAnnotationBeanPostProcessor.getResource(CommonAnnotationBeanPostProcessor.java:419)
		at org.springframework.context.annotation.CommonAnnotationBeanPostProcessor$ResourceElement.getResourceToInject(CommonAnnotationBeanPostProcessor.java:547)
		at org.springframework.beans.factory.annotation.InjectionMetadata$InjectedElement.inject(InjectionMetadata.java:155)
		at org.springframework.beans.factory.annotation.InjectionMetadata.inject(InjectionMetadata.java:87)
		at org.springframework.context.annotation.CommonAnnotationBeanPostProcessor.postProcessPropertyValues(CommonAnnotationBeanPostProcessor.java:304)
		... 66 more
	Caused by: org.springframework.beans.factory.BeanCreationException: Error creating bean with name 'webDS': Invocation of init method failed; nested exception is javax.naming.NameNotFoundException: Name [jdbc/web]은(는) 이 컨텍스트에 바인딩되지 않았습니다. [jdbc]을(를) 찾을 수 없습니다.
		at org.springframework.beans.factory.support.AbstractAutowireCapableBeanFactory.initializeBean(AbstractAutowireCapableBeanFactory.java:1512)
		at org.springframework.beans.factory.support.AbstractAutowireCapableBeanFactory.doCreateBean(AbstractAutowireCapableBeanFactory.java:521)
		at org.springframework.beans.factory.support.AbstractAutowireCapableBeanFactory.createBean(AbstractAutowireCapableBeanFactory.java:458)
		at org.springframework.beans.factory.support.AbstractBeanFactory$1.getObject(AbstractBeanFactory.java:296)
		at org.springframework.beans.factory.support.DefaultSingletonBeanRegistry.getSingleton(DefaultSingletonBeanRegistry.java:223)
		at org.springframework.beans.factory.support.AbstractBeanFactory.doGetBean(AbstractBeanFactory.java:293)
		at org.springframework.beans.factory.support.AbstractBeanFactory.getBean(AbstractBeanFactory.java:194)
		at org.springframework.beans.factory.support.BeanDefinitionValueResolver.resolveReference(BeanDefinitionValueResolver.java:328)
		... 83 more
	Caused by: javax.naming.NameNotFoundException: Name [jdbc/web]은(는) 이 컨텍스트에 바인딩되지 않았습니다. [jdbc]을(를) 찾을 수 없습니다.
		at org.apache.naming.NamingContext.lookup(NamingContext.java:520)
		at org.apache.naming.NamingContext.lookup(NamingContext.java:155)
		at org.apache.naming.SelectorContext.lookup(SelectorContext.java:144)
		at javax.naming.InitialContext.lookup(Unknown Source)
		at org.springframework.jndi.JndiTemplate$1.doInContext(JndiTemplate.java:154)
		at org.springframework.jndi.JndiTemplate.execute(JndiTemplate.java:87)
		at org.springframework.jndi.JndiTemplate.lookup(JndiTemplate.java:152)
		at org.springframework.jndi.JndiTemplate.lookup(JndiTemplate.java:178)
		at org.springframework.jndi.JndiLocatorSupport.lookup(JndiLocatorSupport.java:104)
		at org.springframework.jndi.JndiObjectLocator.lookup(JndiObjectLocator.java:105)
		at org.springframework.jndi.JndiObjectFactoryBean.lookupWithFallback(JndiObjectFactoryBean.java:231)
		at org.springframework.jndi.JndiObjectFactoryBean.afterPropertiesSet(JndiObjectFactoryBean.java:217)
		at org.springframework.beans.factory.support.AbstractAutowireCapableBeanFactory.invokeInitMethods(AbstractAutowireCapableBeanFactory.java:1571)
		at org.springframework.beans.factory.support.AbstractAutowireCapableBeanFactory.initializeBean(AbstractAutowireCapableBeanFactory.java:1509)
		... 90 more
20-Jan-2026 17:16:15.891 정보 [main] org.apache.catalina.core.ApplicationContext.log Closing Spring root WebApplicationContext
20-Jan-2026 17:16:15.912 정보 [main] org.apache.catalina.core.ApplicationContext.log Shutting down log4j
20-Jan-2026 17:16:33.016 정보 [main] org.apache.catalina.core.ApplicationContext.log No Spring WebApplicationInitializer types detected on classpath
20-Jan-2026 17:16:33.035 정보 [main] org.apache.catalina.core.ApplicationContext.log Set web app root system property: 'site.root' = [C:\work\ibk\bs5\AITEST\tomcat-9.0.104\webapps\mycompany\]
20-Jan-2026 17:16:33.099 정보 [main] org.apache.catalina.core.ApplicationContext.log Initializing log4j from [C:\work\ibk\bs5\AITEST\tomcat-9.0.104\webapps\mycompany\WEB-INF\log4j.xml]
20-Jan-2026 17:16:33.196 정보 [main] org.apache.catalina.core.ApplicationContext.log Initializing Spring root WebApplicationContext
20-Jan-2026 17:16:36.993 심각 [main] org.apache.catalina.core.StandardContext.listenerStart Context initialized 이벤트를 [org.broadleafcommerce.common.web.extensibility.MergeContextLoaderListener] 클래스의 인스턴스인 리스너에 전송하는 동안 예외 발생
	org.springframework.beans.factory.BeanInitializationException: Could not load properties; nested exception is java.io.FileNotFoundException: c:\work\ibk\bs5\AITEST\tomcat-9.0.104\webapps\mycompany\WEB-INF\classes\hibernate-fix.properties (지정된 파일을 찾을 수 없습니다)
		at org.springframework.beans.factory.config.PropertyResourceConfigurer.postProcessBeanFactory(PropertyResourceConfigurer.java:87)
		at org.springframework.context.support.AbstractApplicationContext.invokeBeanFactoryPostProcessors(AbstractApplicationContext.java:694)
		at org.springframework.context.support.AbstractApplicationContext.invokeBeanFactoryPostProcessors(AbstractApplicationContext.java:669)
		at org.springframework.context.support.AbstractApplicationContext.refresh(AbstractApplicationContext.java:461)
		at org.springframework.web.context.ContextLoader.configureAndRefreshWebApplicationContext(ContextLoader.java:410)
		at org.springframework.web.context.ContextLoader.initWebApplicationContext(ContextLoader.java:306)
		at org.springframework.web.context.ContextLoaderListener.contextInitialized(ContextLoaderListener.java:112)
		at org.broadleafcommerce.common.web.extensibility.MergeContextLoaderListener.contextInitialized(MergeContextLoaderListener.java:50)
		at org.apache.catalina.core.StandardContext.listenerStart(StandardContext.java:4059)
		at org.apache.catalina.core.StandardContext.startInternal(StandardContext.java:4501)
		at org.apache.catalina.util.LifecycleBase.start(LifecycleBase.java:164)
		at org.apache.catalina.core.ContainerBase.addChildInternal(ContainerBase.java:599)
		at org.apache.catalina.core.ContainerBase.addChild(ContainerBase.java:571)
		at org.apache.catalina.core.StandardHost.addChild(StandardHost.java:603)
		at org.apache.catalina.startup.HostConfig.deployWAR(HostConfig.java:1012)
		at org.apache.catalina.startup.HostConfig$DeployWar.run(HostConfig.java:1860)
		at java.util.concurrent.Executors$RunnableAdapter.call(Unknown Source)
		at java.util.concurrent.FutureTask.run(Unknown Source)
		at org.apache.tomcat.util.threads.InlineExecutorService.execute(InlineExecutorService.java:76)
		at java.util.concurrent.AbstractExecutorService.submit(Unknown Source)
		at org.apache.catalina.startup.HostConfig.deployWARs(HostConfig.java:817)
		at org.apache.catalina.startup.HostConfig.deployApps(HostConfig.java:468)
		at org.apache.catalina.startup.HostConfig.start(HostConfig.java:1578)
		at org.apache.catalina.startup.HostConfig.lifecycleEvent(HostConfig.java:312)
		at org.apache.catalina.util.LifecycleBase.fireLifecycleEvent(LifecycleBase.java:109)
		at org.apache.catalina.util.LifecycleBase.setStateInternal(LifecycleBase.java:389)
		at org.apache.catalina.util.LifecycleBase.setState(LifecycleBase.java:336)
		at org.apache.catalina.core.ContainerBase.startInternal(ContainerBase.java:776)
		at org.apache.catalina.core.StandardHost.startInternal(StandardHost.java:721)
		at org.apache.catalina.util.LifecycleBase.start(LifecycleBase.java:164)
		at org.apache.catalina.core.ContainerBase$StartChild.call(ContainerBase.java:1203)
		at org.apache.catalina.core.ContainerBase$StartChild.call(ContainerBase.java:1193)
		at java.util.concurrent.FutureTask.run(Unknown Source)
		at org.apache.tomcat.util.threads.InlineExecutorService.execute(InlineExecutorService.java:76)
		at java.util.concurrent.AbstractExecutorService.submit(Unknown Source)
		at org.apache.catalina.core.ContainerBase.startInternal(ContainerBase.java:749)
		at org.apache.catalina.core.StandardEngine.startInternal(StandardEngine.java:211)
		at org.apache.catalina.util.LifecycleBase.start(LifecycleBase.java:164)
		at org.apache.catalina.core.StandardService.startInternal(StandardService.java:412)
		at org.apache.catalina.util.LifecycleBase.start(LifecycleBase.java:164)
		at org.apache.catalina.core.StandardServer.startInternal(StandardServer.java:874)
		at org.apache.catalina.util.LifecycleBase.start(LifecycleBase.java:164)
		at org.apache.catalina.startup.Catalina.start(Catalina.java:739)
		at sun.reflect.NativeMethodAccessorImpl.invoke0(Native Method)
		at sun.reflect.NativeMethodAccessorImpl.invoke(Unknown Source)
		at sun.reflect.DelegatingMethodAccessorImpl.invoke(Unknown Source)
		at java.lang.reflect.Method.invoke(Unknown Source)
		at org.springsource.loaded.ri.ReflectiveInterceptor.jlrMethodInvoke(ReflectiveInterceptor.java:1427)
		at org.apache.catalina.startup.Bootstrap.start(Bootstrap.java:345)
		at org.apache.catalina.startup.Bootstrap.main(Bootstrap.java:476)
	Caused by: java.io.FileNotFoundException: c:\work\ibk\bs5\AITEST\tomcat-9.0.104\webapps\mycompany\WEB-INF\classes\hibernate-fix.properties (지정된 파일을 찾을 수 없습니다)
		at java.io.FileInputStream.open0(Native Method)
		at java.io.FileInputStream.open(Unknown Source)
		at java.io.FileInputStream.<init>(Unknown Source)
		at org.springframework.core.io.FileSystemResource.getInputStream(FileSystemResource.java:114)
		at org.springframework.core.io.support.EncodedResource.getInputStream(EncodedResource.java:143)
		at org.springframework.core.io.support.PropertiesLoaderUtils.fillProperties(PropertiesLoaderUtils.java:98)
		at org.springframework.core.io.support.PropertiesLoaderSupport.loadProperties(PropertiesLoaderSupport.java:175)
		at org.springframework.core.io.support.PropertiesLoaderSupport.mergeProperties(PropertiesLoaderSupport.java:156)
		at org.springframework.beans.factory.config.PropertyResourceConfigurer.postProcessBeanFactory(PropertyResourceConfigurer.java:78)
		... 49 more
20-Jan-2026 17:16:36.997 정보 [main] org.apache.catalina.core.ApplicationContext.log Closing Spring root WebApplicationContext
20-Jan-2026 17:16:37.013 정보 [main] org.apache.catalina.core.ApplicationContext.log Shutting down log4j
20-Jan-2026 17:16:38.116 정보 [main] org.apache.catalina.core.ApplicationContext.log ContextListener: contextInitialized()
20-Jan-2026 17:16:38.116 정보 [main] org.apache.catalina.core.ApplicationContext.log SessionListener: contextInitialized()
20-Jan-2026 17:16:38.118 정보 [main] org.apache.catalina.core.ApplicationContext.log ContextListener: attributeAdded('StockTicker', 'async.Stockticker@de15fff')
20-Jan-2026 17:16:38.560 정보 [main] org.apache.catalina.core.ApplicationContext.log SessionListener: contextDestroyed()
20-Jan-2026 17:16:38.561 정보 [main] org.apache.catalina.core.ApplicationContext.log ContextListener: contextDestroyed()
