/*C172*/SET SCHEMA PUBLIC
DISCONNECT
/*C164*/SET SCHEMA PUBLIC
DISCONNECT
/*C165*/SET SCHEMA PUBLIC
DISCONNECT
/*C166*/SET SCHEMA PUBLIC
DISCONNECT
/*C167*/SET SCHEMA PUBLIC
DISCONNECT
/*C168*/SET SCHEMA PUBLIC
DISCONNECT
/*C169*/SET SCHEMA PUBLIC
DISCONNECT
/*C170*/SET SCHEMA PUBLIC
DISCONNECT
/*C171*/SET SCHEMA PUBLIC
DISCONNECT
/*C163*/SET SCHEMA PUBLIC
DISCONNECT
/*C182*/SET SCHEMA PUBLIC
DISCONNECT
/*C181*/SET SCHEMA PUBLIC
DISCONNECT
/*C180*/SET SCHEMA PUBLIC
DISCONNECT
/*C179*/SET SCHEMA PUBLIC
DISCONNECT
/*C178*/SET SCHEMA PUBLIC
DISCONNECT
/*C177*/SET SCHEMA PUBLIC
DISCONNECT
/*C176*/SET SCHEMA PUBLIC
DISCONNECT
/*C175*/SET SCHEMA PUBLIC
DISCONNECT
/*C174*/SET SCHEMA PUBLIC
DISCONNECT
/*C173*/SET SCHEMA PUBLIC
DISCONNECT
/*C192*/SET SCHEMA PUBLIC
DISCONNECT
/*C191*/SET SCHEMA PUBLIC
DISCONNECT
/*C190*/SET SCHEMA PUBLIC
DISCONNECT
/*C189*/SET SCHEMA PUBLIC
DISCONNECT
/*C188*/SET SCHEMA PUBLIC
DISCONNECT
/*C187*/SET SCHEMA PUBLIC
DISCONNECT
/*C186*/SET SCHEMA PUBLIC
DISCONNECT
/*C185*/SET SCHEMA PUBLIC
DISCONNECT
/*C184*/SET SCHEMA PUBLIC
DISCONNECT
/*C183*/SET SCHEMA PUBLIC
DISCONNECT
/*C193*/SET SCHEMA PUBLIC
DISCONNECT
/*C194*/SET SCHEMA PUBLIC
CREATE TABLE IF NOT EXISTS BLC_ORDER_CART2 (\u000a    ORDER_ID BIGINT GENERATED BY DEFAULT AS IDENTITY (START WITH 1) PRIMARY KEY,\u000a    ORDER_NUMBER VARCHAR(255),\u000a    CUSTOMER_ID BIGINT,\u000a    NAME VARCHAR(255),\u000a    EMAIL VARCHAR(255),\u000a    PHONE_NUMBER VARCHAR(255),\u000a    SUBTOTAL DECIMAL(19,5),\u000a    TOTAL_SHIPPING DECIMAL(19,5),\u000a    TOTAL_TAX DECIMAL(19,5),\u000a    TOTAL DECIMAL(19,5),\u000a    STATUS VARCHAR(255),\u000a    SUBMIT_DATE TIMESTAMP,\u000a    CART_TYPE VARCHAR(50) DEFAULT 'CART2',\u000a    CREATED_DATE TIMESTAMP DEFAULT CURRENT_TIMESTAMP,\u000a    UPDATED_DATE TIMESTAMP DEFAULT CURRENT_TIMESTAMP\u000a)
\u000aCREATE TABLE IF NOT EXISTS BLC_ORDER_ITEM_CART2 (\u000a    ORDER_ITEM_ID BIGINT GENERATED BY DEFAULT AS IDENTITY (START WITH 1) PRIMARY KEY,\u000a    ORDER_ID BIGINT,\u000a    SKU_ID BIGINT,\u000a    PRODUCT_ID BIGINT,\u000a    QUANTITY INT,\u000a    PRICE DECIMAL(19,5),\u000a    SALE_PRICE DECIMAL(19,5),\u000a    RETAIL_PRICE DECIMAL(19,5),\u000a    NAME VARCHAR(255),\u000a    CREATED_DATE TIMESTAMP DEFAULT CURRENT_TIMESTAMP,\u000a    UPDATED_DATE TIMESTAMP DEFAULT CURRENT_TIMESTAMP,\u000a    FOREIGN KEY (ORDER_ID) REFERENCES BLC_ORDER_CART2(ORDER_ID)\u000a)
\u000aCREATE TABLE IF NOT EXISTS BLC_ORDER_ITEM_ATTRIBUTE_CART2 (\u000a    ORDER_ITEM_ATTRIBUTE_ID BIGINT GENERATED BY DEFAULT AS IDENTITY (START WITH 1) PRIMARY KEY,\u000a    ORDER_ITEM_ID BIGINT,\u000a    NAME VARCHAR(255),\u000a    VALUE VARCHAR(255),\u000a    CREATED_DATE TIMESTAMP DEFAULT CURRENT_TIMESTAMP,\u000a    UPDATED_DATE TIMESTAMP DEFAULT CURRENT_TIMESTAMP,\u000a    FOREIGN KEY (ORDER_ITEM_ID) REFERENCES BLC_ORDER_ITEM_CART2(ORDER_ITEM_ID)\u000a)
\u000aCREATE INDEX IF NOT EXISTS IDX_ORDER_CART2_CUSTOMER ON BLC_ORDER_CART2(CUSTOMER_ID)
DISCONNECT
/*C195*/SET SCHEMA PUBLIC
DISCONNECT
/*C197*/SET SCHEMA PUBLIC
DISCONNECT
/*C196*/SET SCHEMA PUBLIC
DISCONNECT
/*C199*/SET SCHEMA PUBLIC
DISCONNECT
/*C198*/SET SCHEMA PUBLIC
DISCONNECT
/*C200*/SET SCHEMA PUBLIC
INSERT INTO SEQUENCE_GENERATOR VALUES('OrderImpl',1)
DELETE FROM SEQUENCE_GENERATOR WHERE ID_NAME='OrderImpl'
INSERT INTO SEQUENCE_GENERATOR VALUES('OrderImpl',51)
COMMIT
DELETE FROM SEQUENCE_GENERATOR WHERE ID_NAME='OrderImpl'
INSERT INTO SEQUENCE_GENERATOR VALUES('OrderImpl',101)
COMMIT
/*C203*/SET SCHEMA PUBLIC
INSERT INTO BLC_CUSTOMER VALUES(507,507,'2026-01-20 17:44:28.475000',NULL,NULL,NULL,FALSE,NULL,NULL,NULL,NULL,FALSE,NULL,TRUE,FALSE,NULL,'507',NULL,NULL)
INSERT INTO BLC_ORDER VALUES(1,507,'2026-01-20 17:44:28.508000',NULL,NULL,NULL,NULL,NULL,NULL,'IN_PROCESS',NULL,NULL,NULL,NULL,NULL,NULL,'USD',507,'en_US')
COMMIT
/*C200*/INSERT INTO SEQUENCE_GENERATOR VALUES('OrderItemImpl',1)
DELETE FROM SEQUENCE_GENERATOR WHERE ID_NAME='OrderItemImpl'
INSERT INTO SEQUENCE_GENERATOR VALUES('OrderItemImpl',51)
COMMIT
DELETE FROM SEQUENCE_GENERATOR WHERE ID_NAME='OrderItemImpl'
INSERT INTO SEQUENCE_GENERATOR VALUES('OrderItemImpl',101)
COMMIT
INSERT INTO SEQUENCE_GENERATOR VALUES('FulfillmentGroupImpl',1)
DELETE FROM SEQUENCE_GENERATOR WHERE ID_NAME='FulfillmentGroupImpl'
INSERT INTO SEQUENCE_GENERATOR VALUES('FulfillmentGroupImpl',51)
COMMIT
DELETE FROM SEQUENCE_GENERATOR WHERE ID_NAME='FulfillmentGroupImpl'
INSERT INTO SEQUENCE_GENERATOR VALUES('FulfillmentGroupImpl',101)
COMMIT
INSERT INTO SEQUENCE_GENERATOR VALUES('FulfillmentGroupItemImpl',1)
DELETE FROM SEQUENCE_GENERATOR WHERE ID_NAME='FulfillmentGroupItemImpl'
INSERT INTO SEQUENCE_GENERATOR VALUES('FulfillmentGroupItemImpl',51)
COMMIT
DELETE FROM SEQUENCE_GENERATOR WHERE ID_NAME='FulfillmentGroupItemImpl'
INSERT INTO SEQUENCE_GENERATOR VALUES('FulfillmentGroupItemImpl',101)
COMMIT
/*C203*/INSERT INTO BLC_ORDER_ITEM VALUES(1,NULL,TRUE,'Hoppin'' Hot Sauce','org.broadleafcommerce.core.order.domain.DiscreteOrderItem',NULL,1,NULL,NULL,NULL,NULL,NULL,2002,NULL,1,NULL,NULL)
INSERT INTO BLC_DISCRETE_ORDER_ITEM VALUES(4.99000,NULL,1,NULL,3,3,NULL)
INSERT INTO BLC_FULFILLMENT_GROUP VALUES(1,NULL,NULL,FALSE,NULL,NULL,FALSE,NULL,NULL,NULL,NULL,NULL,NULL,NULL,NULL,NULL,NULL,NULL,NULL,NULL,NULL,NULL,1,NULL,NULL)
INSERT INTO BLC_FULFILLMENT_GROUP_ITEM VALUES(1,NULL,1,NULL,NULL,NULL,NULL,1,1)
COMMIT
/*C200*/INSERT INTO SEQUENCE_GENERATOR VALUES('OrderItemPriceDetailImpl',1)
DELETE FROM SEQUENCE_GENERATOR WHERE ID_NAME='OrderItemPriceDetailImpl'
INSERT INTO SEQUENCE_GENERATOR VALUES('OrderItemPriceDetailImpl',51)
COMMIT
DELETE FROM SEQUENCE_GENERATOR WHERE ID_NAME='OrderItemPriceDetailImpl'
INSERT INTO SEQUENCE_GENERATOR VALUES('OrderItemPriceDetailImpl',101)
COMMIT
/*C203*/INSERT INTO BLC_ORDER_ITEM_PRICE_DTL VALUES(1,1,TRUE,1)
DELETE FROM BLC_ORDER WHERE ORDER_ID=1
INSERT INTO BLC_ORDER VALUES(1,507,'2026-01-20 17:44:28.508000','2026-01-20 17:44:28.783000',507,NULL,NULL,NULL,NULL,'IN_PROCESS',4.99000,NULL,NULL,NULL,NULL,NULL,'USD',507,'en_US')
DELETE FROM BLC_ORDER_ITEM WHERE ORDER_ITEM_ID=1
INSERT INTO BLC_ORDER_ITEM VALUES(1,NULL,TRUE,'Hoppin'' Hot Sauce','org.broadleafcommerce.core.order.domain.DiscreteOrderItem',4.99000,1,4.99000,NULL,NULL,NULL,NULL,2002,NULL,1,NULL,NULL)
COMMIT
DELETE FROM BLC_ORDER WHERE ORDER_ID=1
INSERT INTO BLC_ORDER VALUES(1,507,'2026-01-20 17:44:28.508000','2026-01-20 17:44:28.801000',507,NULL,NULL,NULL,NULL,'IN_PROCESS',4.99000,NULL,NULL,NULL,0.00000,NULL,'USD',507,'en_US')
DELETE FROM BLC_FULFILLMENT_GROUP WHERE FULFILLMENT_GROUP_ID=1
INSERT INTO BLC_FULFILLMENT_GROUP VALUES(1,NULL,0.00000,FALSE,4.99000,NULL,FALSE,NULL,0.00000,0.00000,NULL,NULL,NULL,NULL,NULL,NULL,NULL,NULL,NULL,NULL,NULL,NULL,1,NULL,NULL)
DELETE FROM BLC_FULFILLMENT_GROUP_ITEM WHERE FULFILLMENT_GROUP_ITEM_ID=1
INSERT INTO BLC_FULFILLMENT_GROUP_ITEM VALUES(1,0.00,1,NULL,4.99000,4.99000,NULL,1,1)
COMMIT
DELETE FROM BLC_ORDER WHERE ORDER_ID=1
INSERT INTO BLC_ORDER VALUES(1,507,'2026-01-20 17:44:28.508000','2026-01-20 17:44:28.813000',507,NULL,NULL,NULL,NULL,'IN_PROCESS',4.99000,NULL,NULL,4.99000,0.00000,0.00000,'USD',507,'en_US')
DELETE FROM BLC_FULFILLMENT_GROUP WHERE FULFILLMENT_GROUP_ID=1
INSERT INTO BLC_FULFILLMENT_GROUP VALUES(1,NULL,0.00000,FALSE,4.99000,NULL,FALSE,NULL,0.00000,0.00000,NULL,NULL,NULL,NULL,4.99000,0.00000,0.00000,0.00000,0.00000,NULL,NULL,NULL,1,NULL,NULL)
DELETE FROM BLC_FULFILLMENT_GROUP_ITEM WHERE FULFILLMENT_GROUP_ITEM_ID=1
INSERT INTO BLC_FULFILLMENT_GROUP_ITEM VALUES(1,0.00,1,NULL,4.99000,4.99000,0.00000,1,1)
COMMIT
INSERT INTO BLC_ORDER VALUES(2,507,'2026-01-20 17:44:34.165000',NULL,NULL,NULL,'cart2',NULL,NULL,'NAMED',NULL,NULL,NULL,NULL,NULL,NULL,NULL,507,'en_US')
COMMIT
INSERT INTO BLC_ORDER_ITEM VALUES(2,NULL,TRUE,'Hoppin'' Hot Sauce','org.broadleafcommerce.core.order.domain.DiscreteOrderItem',NULL,5,NULL,NULL,NULL,NULL,NULL,2002,NULL,2,NULL,NULL)
INSERT INTO BLC_DISCRETE_ORDER_ITEM VALUES(4.99000,NULL,2,NULL,3,3,NULL)
INSERT INTO BLC_FULFILLMENT_GROUP VALUES(2,NULL,NULL,FALSE,NULL,NULL,FALSE,NULL,NULL,NULL,NULL,NULL,NULL,NULL,NULL,NULL,NULL,NULL,NULL,NULL,NULL,NULL,2,NULL,NULL)
INSERT INTO BLC_FULFILLMENT_GROUP_ITEM VALUES(2,NULL,5,NULL,NULL,NULL,NULL,2,2)
COMMIT
INSERT INTO BLC_ORDER_ITEM_PRICE_DTL VALUES(2,5,TRUE,2)
DELETE FROM BLC_ORDER WHERE ORDER_ID=2
INSERT INTO BLC_ORDER VALUES(2,507,'2026-01-20 17:44:34.165000','2026-01-20 17:44:34.203000',507,NULL,'cart2',NULL,NULL,'NAMED',24.95000,NULL,NULL,NULL,NULL,NULL,NULL,507,'en_US')
DELETE FROM BLC_ORDER_ITEM WHERE ORDER_ITEM_ID=2
INSERT INTO BLC_ORDER_ITEM VALUES(2,NULL,TRUE,'Hoppin'' Hot Sauce','org.broadleafcommerce.core.order.domain.DiscreteOrderItem',4.99000,5,4.99000,NULL,NULL,NULL,NULL,2002,NULL,2,NULL,NULL)
COMMIT
DELETE FROM BLC_ORDER WHERE ORDER_ID=2
INSERT INTO BLC_ORDER VALUES(2,507,'2026-01-20 17:44:34.165000','2026-01-20 17:44:34.218000',507,NULL,'cart2',NULL,NULL,'NAMED',24.95000,NULL,NULL,NULL,0.00000,NULL,NULL,507,'en_US')
DELETE FROM BLC_FULFILLMENT_GROUP WHERE FULFILLMENT_GROUP_ID=2
INSERT INTO BLC_FULFILLMENT_GROUP VALUES(2,NULL,0.00000,FALSE,24.95000,NULL,FALSE,NULL,0.00000,0.00000,NULL,NULL,NULL,NULL,NULL,NULL,NULL,NULL,NULL,NULL,NULL,NULL,2,NULL,NULL)
DELETE FROM BLC_FULFILLMENT_GROUP_ITEM WHERE FULFILLMENT_GROUP_ITEM_ID=2
INSERT INTO BLC_FULFILLMENT_GROUP_ITEM VALUES(2,0.00,5,NULL,24.95000,24.95000,NULL,2,2)
COMMIT
DELETE FROM BLC_ORDER WHERE ORDER_ID=2
INSERT INTO BLC_ORDER VALUES(2,507,'2026-01-20 17:44:34.165000','2026-01-20 17:44:34.234000',507,NULL,'cart2',NULL,NULL,'NAMED',24.95000,NULL,NULL,24.95000,0.00000,0.00000,NULL,507,'en_US')
DELETE FROM BLC_FULFILLMENT_GROUP WHERE FULFILLMENT_GROUP_ID=2
INSERT INTO BLC_FULFILLMENT_GROUP VALUES(2,NULL,0.00000,FALSE,24.95000,NULL,FALSE,NULL,0.00000,0.00000,NULL,NULL,NULL,NULL,24.95000,0.00000,0.00000,0.00000,0.00000,NULL,NULL,NULL,2,NULL,NULL)
DELETE FROM BLC_FULFILLMENT_GROUP_ITEM WHERE FULFILLMENT_GROUP_ITEM_ID=2
INSERT INTO BLC_FULFILLMENT_GROUP_ITEM VALUES(2,0.00,5,NULL,24.95000,24.95000,0.00000,2,2)
COMMIT
DISCONNECT
/*C200*/DISCONNECT
/*C202*/SET SCHEMA PUBLIC
DISCONNECT
/*C201*/SET SCHEMA PUBLIC
DISCONNECT
/*C204*/SET SCHEMA PUBLIC
DISCONNECT
/*C205*/SET SCHEMA PUBLIC
DISCONNECT
/*C206*/SET SCHEMA PUBLIC
DISCONNECT
/*C207*/SET SCHEMA PUBLIC
DISCONNECT
/*C208*/SET SCHEMA PUBLIC
DISCONNECT
/*C209*/SET SCHEMA PUBLIC
DISCONNECT
/*C210*/SET SCHEMA PUBLIC
DISCONNECT
/*C211*/SET SCHEMA PUBLIC
DISCONNECT
/*C212*/SET SCHEMA PUBLIC
DISCONNECT
/*C213*/SET SCHEMA PUBLIC
DISCONNECT
/*C214*/SET SCHEMA PUBLIC
DISCONNECT
/*C215*/SET SCHEMA PUBLIC
DISCONNECT
/*C216*/SET SCHEMA PUBLIC
DISCONNECT
/*C217*/SET SCHEMA PUBLIC
DISCONNECT
/*C218*/SET SCHEMA PUBLIC
DISCONNECT
/*C219*/SET SCHEMA PUBLIC
DISCONNECT
/*C220*/SET SCHEMA PUBLIC
INSERT INTO BLC_CUSTOMER VALUES(508,508,'2026-01-21 09:30:35.327000',NULL,NULL,NULL,FALSE,NULL,NULL,NULL,NULL,FALSE,NULL,TRUE,FALSE,NULL,'508',NULL,NULL)
INSERT INTO BLC_ORDER VALUES(3,508,'2026-01-21 09:30:35.328000',NULL,NULL,NULL,NULL,NULL,NULL,'IN_PROCESS',NULL,NULL,NULL,NULL,NULL,NULL,'USD',508,'en_US')
COMMIT
INSERT INTO BLC_ORDER_ITEM VALUES(3,NULL,TRUE,'Hoppin'' Hot Sauce','org.broadleafcommerce.core.order.domain.DiscreteOrderItem',NULL,1,NULL,NULL,NULL,NULL,NULL,2002,NULL,3,NULL,NULL)
INSERT INTO BLC_DISCRETE_ORDER_ITEM VALUES(4.99000,NULL,3,NULL,3,3,NULL)
INSERT INTO BLC_FULFILLMENT_GROUP VALUES(3,NULL,NULL,FALSE,NULL,NULL,FALSE,NULL,NULL,NULL,NULL,NULL,NULL,NULL,NULL,NULL,NULL,NULL,NULL,NULL,NULL,NULL,3,NULL,NULL)
INSERT INTO BLC_FULFILLMENT_GROUP_ITEM VALUES(3,NULL,1,NULL,NULL,NULL,NULL,3,3)
COMMIT
INSERT INTO BLC_ORDER_ITEM_PRICE_DTL VALUES(3,1,TRUE,3)
DELETE FROM BLC_ORDER WHERE ORDER_ID=3
INSERT INTO BLC_ORDER VALUES(3,508,'2026-01-21 09:30:35.328000','2026-01-21 09:30:35.362000',508,NULL,NULL,NULL,NULL,'IN_PROCESS',4.99000,NULL,NULL,NULL,NULL,NULL,'USD',508,'en_US')
DELETE FROM BLC_ORDER_ITEM WHERE ORDER_ITEM_ID=3
INSERT INTO BLC_ORDER_ITEM VALUES(3,NULL,TRUE,'Hoppin'' Hot Sauce','org.broadleafcommerce.core.order.domain.DiscreteOrderItem',4.99000,1,4.99000,NULL,NULL,NULL,NULL,2002,NULL,3,NULL,NULL)
COMMIT
DELETE FROM BLC_ORDER WHERE ORDER_ID=3
INSERT INTO BLC_ORDER VALUES(3,508,'2026-01-21 09:30:35.328000','2026-01-21 09:30:35.370000',508,NULL,NULL,NULL,NULL,'IN_PROCESS',4.99000,NULL,NULL,NULL,0.00000,NULL,'USD',508,'en_US')
DELETE FROM BLC_FULFILLMENT_GROUP WHERE FULFILLMENT_GROUP_ID=3
INSERT INTO BLC_FULFILLMENT_GROUP VALUES(3,NULL,0.00000,FALSE,4.99000,NULL,FALSE,NULL,0.00000,0.00000,NULL,NULL,NULL,NULL,NULL,NULL,NULL,NULL,NULL,NULL,NULL,NULL,3,NULL,NULL)
DELETE FROM BLC_FULFILLMENT_GROUP_ITEM WHERE FULFILLMENT_GROUP_ITEM_ID=3
INSERT INTO BLC_FULFILLMENT_GROUP_ITEM VALUES(3,0.00,1,NULL,4.99000,4.99000,NULL,3,3)
COMMIT
DELETE FROM BLC_ORDER WHERE ORDER_ID=3
INSERT INTO BLC_ORDER VALUES(3,508,'2026-01-21 09:30:35.328000','2026-01-21 09:30:35.377000',508,NULL,NULL,NULL,NULL,'IN_PROCESS',4.99000,NULL,NULL,4.99000,0.00000,0.00000,'USD',508,'en_US')
DELETE FROM BLC_FULFILLMENT_GROUP WHERE FULFILLMENT_GROUP_ID=3
INSERT INTO BLC_FULFILLMENT_GROUP VALUES(3,NULL,0.00000,FALSE,4.99000,NULL,FALSE,NULL,0.00000,0.00000,NULL,NULL,NULL,NULL,4.99000,0.00000,0.00000,0.00000,0.00000,NULL,NULL,NULL,3,NULL,NULL)
DELETE FROM BLC_FULFILLMENT_GROUP_ITEM WHERE FULFILLMENT_GROUP_ITEM_ID=3
INSERT INTO BLC_FULFILLMENT_GROUP_ITEM VALUES(3,0.00,1,NULL,4.99000,4.99000,0.00000,3,3)
COMMIT
INSERT INTO BLC_ORDER VALUES(4,508,'2026-01-21 09:30:37.975000',NULL,NULL,NULL,'cart2',NULL,NULL,'NAMED',NULL,NULL,NULL,NULL,NULL,NULL,NULL,508,'en_US')
COMMIT
INSERT INTO BLC_ORDER_ITEM VALUES(4,NULL,TRUE,'Hoppin'' Hot Sauce','org.broadleafcommerce.core.order.domain.DiscreteOrderItem',NULL,5,NULL,NULL,NULL,NULL,NULL,2002,NULL,4,NULL,NULL)
INSERT INTO BLC_DISCRETE_ORDER_ITEM VALUES(4.99000,NULL,4,NULL,3,3,NULL)
INSERT INTO BLC_FULFILLMENT_GROUP VALUES(4,NULL,NULL,FALSE,NULL,NULL,FALSE,NULL,NULL,NULL,NULL,NULL,NULL,NULL,NULL,NULL,NULL,NULL,NULL,NULL,NULL,NULL,4,NULL,NULL)
INSERT INTO BLC_FULFILLMENT_GROUP_ITEM VALUES(4,NULL,5,NULL,NULL,NULL,NULL,4,4)
COMMIT
INSERT INTO BLC_ORDER_ITEM_PRICE_DTL VALUES(4,5,TRUE,4)
DELETE FROM BLC_ORDER WHERE ORDER_ID=4
INSERT INTO BLC_ORDER VALUES(4,508,'2026-01-21 09:30:37.975000','2026-01-21 09:30:37.992000',508,NULL,'cart2',NULL,NULL,'NAMED',24.95000,NULL,NULL,NULL,NULL,NULL,NULL,508,'en_US')
DELETE FROM BLC_ORDER_ITEM WHERE ORDER_ITEM_ID=4
INSERT INTO BLC_ORDER_ITEM VALUES(4,NULL,TRUE,'Hoppin'' Hot Sauce','org.broadleafcommerce.core.order.domain.DiscreteOrderItem',4.99000,5,4.99000,NULL,NULL,NULL,NULL,2002,NULL,4,NULL,NULL)
COMMIT
DELETE FROM BLC_ORDER WHERE ORDER_ID=4
INSERT INTO BLC_ORDER VALUES(4,508,'2026-01-21 09:30:37.975000','2026-01-21 09:30:38.002000',508,NULL,'cart2',NULL,NULL,'NAMED',24.95000,NULL,NULL,NULL,0.00000,NULL,NULL,508,'en_US')
DELETE FROM BLC_FULFILLMENT_GROUP WHERE FULFILLMENT_GROUP_ID=4
INSERT INTO BLC_FULFILLMENT_GROUP VALUES(4,NULL,0.00000,FALSE,24.95000,NULL,FALSE,NULL,0.00000,0.00000,NULL,NULL,NULL,NULL,NULL,NULL,NULL,NULL,NULL,NULL,NULL,NULL,4,NULL,NULL)
DELETE FROM BLC_FULFILLMENT_GROUP_ITEM WHERE FULFILLMENT_GROUP_ITEM_ID=4
INSERT INTO BLC_FULFILLMENT_GROUP_ITEM VALUES(4,0.00,5,NULL,24.95000,24.95000,NULL,4,4)
COMMIT
DELETE FROM BLC_ORDER WHERE ORDER_ID=4
INSERT INTO BLC_ORDER VALUES(4,508,'2026-01-21 09:30:37.975000','2026-01-21 09:30:38.011000',508,NULL,'cart2',NULL,NULL,'NAMED',24.95000,NULL,NULL,24.95000,0.00000,0.00000,NULL,508,'en_US')
DELETE FROM BLC_FULFILLMENT_GROUP WHERE FULFILLMENT_GROUP_ID=4
INSERT INTO BLC_FULFILLMENT_GROUP VALUES(4,NULL,0.00000,FALSE,24.95000,NULL,FALSE,NULL,0.00000,0.00000,NULL,NULL,NULL,NULL,24.95000,0.00000,0.00000,0.00000,0.00000,NULL,NULL,NULL,4,NULL,NULL)
DELETE FROM BLC_FULFILLMENT_GROUP_ITEM WHERE FULFILLMENT_GROUP_ITEM_ID=4
INSERT INTO BLC_FULFILLMENT_GROUP_ITEM VALUES(4,0.00,5,NULL,24.95000,24.95000,0.00000,4,4)
COMMIT
DISCONNECT
/*C227*/SET SCHEMA PUBLIC
DISCONNECT
/*C226*/SET SCHEMA PUBLIC
DISCONNECT
/*C231*/SET SCHEMA PUBLIC
DISCONNECT
/*C225*/SET SCHEMA PUBLIC
DISCONNECT
/*C228*/SET SCHEMA PUBLIC
DISCONNECT
/*C229*/SET SCHEMA PUBLIC
DISCONNECT
/*C221*/SET SCHEMA PUBLIC
DISCONNECT
/*C223*/SET SCHEMA PUBLIC
DISCONNECT
/*C230*/SET SCHEMA PUBLIC
DISCONNECT
/*C224*/SET SCHEMA PUBLIC
DISCONNECT
/*C222*/SET SCHEMA PUBLIC
DISCONNECT
/*C232*/SET SCHEMA PUBLIC
DISCONNECT
/*C233*/SET SCHEMA PUBLIC
DISCONNECT
/*C234*/SET SCHEMA PUBLIC
DISCONNECT
/*C235*/SET SCHEMA PUBLIC
DELETE FROM BLC_ORDER_ITEM WHERE ORDER_ITEM_ID=4
INSERT INTO BLC_ORDER_ITEM VALUES(4,NULL,TRUE,'Hoppin'' Hot Sauce','org.broadleafcommerce.core.order.domain.DiscreteOrderItem',4.99000,10,4.99000,NULL,NULL,NULL,NULL,2002,NULL,4,NULL,NULL)
DELETE FROM BLC_FULFILLMENT_GROUP_ITEM WHERE FULFILLMENT_GROUP_ITEM_ID=4
INSERT INTO BLC_FULFILLMENT_GROUP_ITEM VALUES(4,0.00,10,NULL,24.95000,24.95000,0.00000,4,4)
COMMIT
DELETE FROM BLC_ORDER WHERE ORDER_ID=4
INSERT INTO BLC_ORDER VALUES(4,508,'2026-01-21 09:30:37.975000','2026-01-21 09:57:22.432000',508,NULL,'cart2',NULL,NULL,'NAMED',49.90000,NULL,NULL,24.95000,0.00000,0.00000,NULL,508,'en_US')
DELETE FROM BLC_ORDER_ITEM_PRICE_DTL WHERE ORDER_ITEM_PRICE_DTL_ID=4
INSERT INTO BLC_ORDER_ITEM_PRICE_DTL VALUES(4,10,TRUE,4)
COMMIT
DELETE FROM BLC_FULFILLMENT_GROUP WHERE FULFILLMENT_GROUP_ID=4
INSERT INTO BLC_FULFILLMENT_GROUP VALUES(4,NULL,0.00000,FALSE,49.90000,NULL,FALSE,NULL,0.00000,0.00000,NULL,NULL,NULL,NULL,24.95000,0.00000,0.00000,0.00000,0.00000,NULL,NULL,NULL,4,NULL,NULL)
DELETE FROM BLC_FULFILLMENT_GROUP_ITEM WHERE FULFILLMENT_GROUP_ITEM_ID=4
INSERT INTO BLC_FULFILLMENT_GROUP_ITEM VALUES(4,0.00,10,NULL,49.90000,49.90000,0.00000,4,4)
COMMIT
DELETE FROM BLC_ORDER WHERE ORDER_ID=4
INSERT INTO BLC_ORDER VALUES(4,508,'2026-01-21 09:30:37.975000','2026-01-21 09:57:22.452000',508,NULL,'cart2',NULL,NULL,'NAMED',49.90000,NULL,NULL,49.90000,0.00000,0.00000,NULL,508,'en_US')
DELETE FROM BLC_FULFILLMENT_GROUP WHERE FULFILLMENT_GROUP_ID=4
INSERT INTO BLC_FULFILLMENT_GROUP VALUES(4,NULL,0.00000,FALSE,49.90000,NULL,FALSE,NULL,0.00000,0.00000,NULL,NULL,NULL,NULL,49.90000,0.00000,0.00000,0.00000,0.00000,NULL,NULL,NULL,4,NULL,NULL)
COMMIT
DELETE FROM BLC_ORDER_ITEM WHERE ORDER_ITEM_ID=4
INSERT INTO BLC_ORDER_ITEM VALUES(4,NULL,TRUE,'Hoppin'' Hot Sauce','org.broadleafcommerce.core.order.domain.DiscreteOrderItem',4.99000,15,4.99000,NULL,NULL,NULL,NULL,2002,NULL,4,NULL,NULL)
DELETE FROM BLC_FULFILLMENT_GROUP_ITEM WHERE FULFILLMENT_GROUP_ITEM_ID=4
INSERT INTO BLC_FULFILLMENT_GROUP_ITEM VALUES(4,0.00,15,NULL,49.90000,49.90000,0.00000,4,4)
COMMIT
DELETE FROM BLC_ORDER WHERE ORDER_ID=4
INSERT INTO BLC_ORDER VALUES(4,508,'2026-01-21 09:30:37.975000','2026-01-21 09:57:24.761000',508,NULL,'cart2',NULL,NULL,'NAMED',74.85000,NULL,NULL,49.90000,0.00000,0.00000,NULL,508,'en_US')
DELETE FROM BLC_ORDER_ITEM_PRICE_DTL WHERE ORDER_ITEM_PRICE_DTL_ID=4
INSERT INTO BLC_ORDER_ITEM_PRICE_DTL VALUES(4,15,TRUE,4)
COMMIT
DELETE FROM BLC_FULFILLMENT_GROUP WHERE FULFILLMENT_GROUP_ID=4
INSERT INTO BLC_FULFILLMENT_GROUP VALUES(4,NULL,0.00000,FALSE,74.85000,NULL,FALSE,NULL,0.00000,0.00000,NULL,NULL,NULL,NULL,49.90000,0.00000,0.00000,0.00000,0.00000,NULL,NULL,NULL,4,NULL,NULL)
DELETE FROM BLC_FULFILLMENT_GROUP_ITEM WHERE FULFILLMENT_GROUP_ITEM_ID=4
INSERT INTO BLC_FULFILLMENT_GROUP_ITEM VALUES(4,0.00,15,NULL,74.85000,74.85000,0.00000,4,4)
COMMIT
DELETE FROM BLC_ORDER WHERE ORDER_ID=4
INSERT INTO BLC_ORDER VALUES(4,508,'2026-01-21 09:30:37.975000','2026-01-21 09:57:24.775000',508,NULL,'cart2',NULL,NULL,'NAMED',74.85000,NULL,NULL,74.85000,0.00000,0.00000,NULL,508,'en_US')
DELETE FROM BLC_FULFILLMENT_GROUP WHERE FULFILLMENT_GROUP_ID=4
INSERT INTO BLC_FULFILLMENT_GROUP VALUES(4,NULL,0.00000,FALSE,74.85000,NULL,FALSE,NULL,0.00000,0.00000,NULL,NULL,NULL,NULL,74.85000,0.00000,0.00000,0.00000,0.00000,NULL,NULL,NULL,4,NULL,NULL)
COMMIT
DELETE FROM BLC_ORDER_ITEM WHERE ORDER_ITEM_ID=4
INSERT INTO BLC_ORDER_ITEM VALUES(4,NULL,TRUE,'Hoppin'' Hot Sauce','org.broadleafcommerce.core.order.domain.DiscreteOrderItem',4.99000,20,4.99000,NULL,NULL,NULL,NULL,2002,NULL,4,NULL,NULL)
DELETE FROM BLC_FULFILLMENT_GROUP_ITEM WHERE FULFILLMENT_GROUP_ITEM_ID=4
INSERT INTO BLC_FULFILLMENT_GROUP_ITEM VALUES(4,0.00,20,NULL,74.85000,74.85000,0.00000,4,4)
COMMIT
DELETE FROM BLC_ORDER WHERE ORDER_ID=4
INSERT INTO BLC_ORDER VALUES(4,508,'2026-01-21 09:30:37.975000','2026-01-21 09:57:25.332000',508,NULL,'cart2',NULL,NULL,'NAMED',99.80000,NULL,NULL,74.85000,0.00000,0.00000,NULL,508,'en_US')
DELETE FROM BLC_ORDER_ITEM_PRICE_DTL WHERE ORDER_ITEM_PRICE_DTL_ID=4
INSERT INTO BLC_ORDER_ITEM_PRICE_DTL VALUES(4,20,TRUE,4)
COMMIT
DELETE FROM BLC_FULFILLMENT_GROUP WHERE FULFILLMENT_GROUP_ID=4
INSERT INTO BLC_FULFILLMENT_GROUP VALUES(4,NULL,0.00000,FALSE,99.80000,NULL,FALSE,NULL,0.00000,0.00000,NULL,NULL,NULL,NULL,74.85000,0.00000,0.00000,0.00000,0.00000,NULL,NULL,NULL,4,NULL,NULL)
DELETE FROM BLC_FULFILLMENT_GROUP_ITEM WHERE FULFILLMENT_GROUP_ITEM_ID=4
INSERT INTO BLC_FULFILLMENT_GROUP_ITEM VALUES(4,0.00,20,NULL,99.80000,99.80000,0.00000,4,4)
COMMIT
DELETE FROM BLC_ORDER WHERE ORDER_ID=4
INSERT INTO BLC_ORDER VALUES(4,508,'2026-01-21 09:30:37.975000','2026-01-21 09:57:25.345000',508,NULL,'cart2',NULL,NULL,'NAMED',99.80000,NULL,NULL,99.80000,0.00000,0.00000,NULL,508,'en_US')
DELETE FROM BLC_FULFILLMENT_GROUP WHERE FULFILLMENT_GROUP_ID=4
INSERT INTO BLC_FULFILLMENT_GROUP VALUES(4,NULL,0.00000,FALSE,99.80000,NULL,FALSE,NULL,0.00000,0.00000,NULL,NULL,NULL,NULL,99.80000,0.00000,0.00000,0.00000,0.00000,NULL,NULL,NULL,4,NULL,NULL)
COMMIT
DELETE FROM BLC_ORDER_ITEM WHERE ORDER_ITEM_ID=4
INSERT INTO BLC_ORDER_ITEM VALUES(4,NULL,TRUE,'Hoppin'' Hot Sauce','org.broadleafcommerce.core.order.domain.DiscreteOrderItem',4.99000,25,4.99000,NULL,NULL,NULL,NULL,2002,NULL,4,NULL,NULL)
DELETE FROM BLC_FULFILLMENT_GROUP_ITEM WHERE FULFILLMENT_GROUP_ITEM_ID=4
INSERT INTO BLC_FULFILLMENT_GROUP_ITEM VALUES(4,0.00,25,NULL,99.80000,99.80000,0.00000,4,4)
COMMIT
DELETE FROM BLC_ORDER WHERE ORDER_ID=4
INSERT INTO BLC_ORDER VALUES(4,508,'2026-01-21 09:30:37.975000','2026-01-21 09:57:25.726000',508,NULL,'cart2',NULL,NULL,'NAMED',124.75000,NULL,NULL,99.80000,0.00000,0.00000,NULL,508,'en_US')
DELETE FROM BLC_ORDER_ITEM_PRICE_DTL WHERE ORDER_ITEM_PRICE_DTL_ID=4
INSERT INTO BLC_ORDER_ITEM_PRICE_DTL VALUES(4,25,TRUE,4)
COMMIT
DELETE FROM BLC_FULFILLMENT_GROUP WHERE FULFILLMENT_GROUP_ID=4
INSERT INTO BLC_FULFILLMENT_GROUP VALUES(4,NULL,0.00000,FALSE,124.75000,NULL,FALSE,NULL,0.00000,0.00000,NULL,NULL,NULL,NULL,99.80000,0.00000,0.00000,0.00000,0.00000,NULL,NULL,NULL,4,NULL,NULL)
DELETE FROM BLC_FULFILLMENT_GROUP_ITEM WHERE FULFILLMENT_GROUP_ITEM_ID=4
INSERT INTO BLC_FULFILLMENT_GROUP_ITEM VALUES(4,0.00,25,NULL,124.75000,124.75000,0.00000,4,4)
COMMIT
DELETE FROM BLC_ORDER WHERE ORDER_ID=4
INSERT INTO BLC_ORDER VALUES(4,508,'2026-01-21 09:30:37.975000','2026-01-21 09:57:25.744000',508,NULL,'cart2',NULL,NULL,'NAMED',124.75000,NULL,NULL,124.75000,0.00000,0.00000,NULL,508,'en_US')
DELETE FROM BLC_FULFILLMENT_GROUP WHERE FULFILLMENT_GROUP_ID=4
INSERT INTO BLC_FULFILLMENT_GROUP VALUES(4,NULL,0.00000,FALSE,124.75000,NULL,FALSE,NULL,0.00000,0.00000,NULL,NULL,NULL,NULL,124.75000,0.00000,0.00000,0.00000,0.00000,NULL,NULL,NULL,4,NULL,NULL)
COMMIT
DISCONNECT
